[ 2019-04-11T13:37:43+08:00 ][ info ] [ BEHAVIOR ] Run Closure @app_init [ RunTime:0.000177s ]
[ info ] [ LOG ] INIT File
[ 2019-04-11T13:37:43+08:00 ][ info ] [ CACHE ] INIT File
[ 2019-04-11T13:37:43+08:00 ][ info ] [ BEHAVIOR ] Run \addons\epay\Epay @app_init [ RunTime:0.003849s ]
[ 2019-04-11T13:37:43+08:00 ][ info ] [ BEHAVIOR ] Run Closure @app_init [ RunTime:0.003930s ]
[ 2019-04-11T13:37:43+08:00 ][ info ] [ DB ] INIT mysql
[ 2019-04-11T13:37:43+08:00 ][ sql ] [ DB ] CONNECT:[ UseTime:0.000477s ] mysql:host=127.0.0.1;dbname=didi_project;charset=utf8
[ 2019-04-11T13:37:43+08:00 ][ sql ] [ SQL ] SHOW TABLE STATUS LIKE 'profit' [ RunTime:0.000501s ]
[ 2019-04-11T13:37:43+08:00 ][ sql ] [ SQL ] SHOW TABLE STATUS LIKE 'fa_profit' [ RunTime:0.000393s ]
[ 2019-04-11T13:37:43+08:00 ][ sql ] [ SQL ] SELECT * FROM `information_schema`.`columns` WHERE TABLE_SCHEMA = 'didi_project' AND table_name = 'fa_profit' ORDER BY ORDINAL_POSITION [ RunTime:0.000838s ]
[ 2019-04-11T13:37:43+08:00 ][ info ] [ BEHAVIOR ] Run Closure @app_init [ RunTime:0.000157s ]
[ info ] [ LOG ] INIT File
[ 2019-04-11T13:37:43+08:00 ][ info ] [ CACHE ] INIT File
[ 2019-04-11T13:37:43+08:00 ][ info ] [ BEHAVIOR ] Run \addons\epay\Epay @app_init [ RunTime:0.003786s ]
[ 2019-04-11T13:37:43+08:00 ][ info ] [ BEHAVIOR ] Run Closure @app_init [ RunTime:0.003877s ]
[ 2019-04-11T13:37:43+08:00 ][ info ] [ DB ] INIT mysql
[ 2019-04-11T13:37:43+08:00 ][ info ] [ LANG ] /www/wwwroot/didi.xlove99.top/application/admin/lang/zh-cn.php
[ 2019-04-11T13:37:43+08:00 ][ sql ] [ DB ] CONNECT:[ UseTime:0.000475s ] mysql:host=127.0.0.1;dbname=didi_project;charset=utf8
[ 2019-04-11T13:37:43+08:00 ][ sql ] [ SQL ] SHOW COLUMNS FROM `fa_auth_rule` [ RunTime:0.000670s ]
[ 2019-04-11T13:37:43+08:00 ][ sql ] [ SQL ] SELECT * FROM `fa_auth_rule` WHERE  `name` = 'profit' LIMIT 1 [ RunTime:0.000364s ]
[ 2019-04-11T13:37:43+08:00 ][ sql ] [ SQL ] INSERT INTO `fa_auth_rule` (`pid` , `name` , `title` , `icon` , `remark` , `ismenu` , `status` , `createtime` , `updatetime`) VALUES (0 , 'profit' , '收益记录' , 'fa fa-circle-o' , '' , 1 , 'normal' , 1554961063 , 1554961063) [ RunTime:0.030555s ]
[ 2019-04-11T13:37:43+08:00 ][ sql ] [ SQL ] SELECT `id` FROM `fa_auth_rule` WHERE  `name` = 'profit/index' LIMIT 1 [ RunTime:0.000365s ]
[ 2019-04-11T13:37:43+08:00 ][ sql ] [ SQL ] SELECT `id` FROM `fa_auth_rule` WHERE  `name` = 'profit/add' LIMIT 1 [ RunTime:0.000204s ]
[ 2019-04-11T13:37:43+08:00 ][ sql ] [ SQL ] SELECT `id` FROM `fa_auth_rule` WHERE  `name` = 'profit/edit' LIMIT 1 [ RunTime:0.000216s ]
[ 2019-04-11T13:37:43+08:00 ][ sql ] [ SQL ] SELECT `id` FROM `fa_auth_rule` WHERE  `name` = 'profit/del' LIMIT 1 [ RunTime:0.000187s ]
[ 2019-04-11T13:37:43+08:00 ][ sql ] [ SQL ] SELECT `id` FROM `fa_auth_rule` WHERE  `name` = 'profit/multi' LIMIT 1 [ RunTime:0.000182s ]
[ 2019-04-11T13:37:43+08:00 ][ sql ] [ SQL ] INSERT INTO `fa_auth_rule` (`id` , `pid` , `name` , `icon` , `title` , `ismenu` , `status` , `createtime` , `updatetime`) VALUES (NULL , 292 , 'profit/index' , 'fa fa-circle-o' , '查看' , 0 , 'normal' , 1554961063 , 1554961063) [ RunTime:0.000297s ]
[ 2019-04-11T13:37:43+08:00 ][ sql ] [ SQL ] INSERT INTO `fa_auth_rule` (`id` , `pid` , `name` , `icon` , `title` , `ismenu` , `status` , `createtime` , `updatetime`) VALUES (NULL , 292 , 'profit/add' , 'fa fa-circle-o' , '添加' , 0 , 'normal' , 1554961063 , 1554961063) [ RunTime:0.000196s ]
[ 2019-04-11T13:37:43+08:00 ][ sql ] [ SQL ] INSERT INTO `fa_auth_rule` (`id` , `pid` , `name` , `icon` , `title` , `ismenu` , `status` , `createtime` , `updatetime`) VALUES (NULL , 292 , 'profit/edit' , 'fa fa-circle-o' , '编辑' , 0 , 'normal' , 1554961063 , 1554961063) [ RunTime:0.000200s ]
[ 2019-04-11T13:37:43+08:00 ][ sql ] [ SQL ] INSERT INTO `fa_auth_rule` (`id` , `pid` , `name` , `icon` , `title` , `ismenu` , `status` , `createtime` , `updatetime`) VALUES (NULL , 292 , 'profit/del' , 'fa fa-circle-o' , '删除' , 0 , 'normal' , 1554961063 , 1554961063) [ RunTime:0.000189s ]
[ 2019-04-11T13:37:43+08:00 ][ sql ] [ SQL ] INSERT INTO `fa_auth_rule` (`id` , `pid` , `name` , `icon` , `title` , `ismenu` , `status` , `createtime` , `updatetime`) VALUES (NULL , 292 , 'profit/multi' , 'fa fa-circle-o' , '批量更新' , 0 , 'normal' , 1554961063 , 1554961063) [ RunTime:0.000184s ]
[ 2019-04-11T14:13:05+08:00 ][ info ] [ BEHAVIOR ] Run Closure @app_init [ RunTime:0.000163s ]
[ info ] [ LOG ] INIT File
[ 2019-04-11T14:13:05+08:00 ][ info ] [ CACHE ] INIT File
[ 2019-04-11T14:13:05+08:00 ][ info ] [ BEHAVIOR ] Run \addons\epay\Epay @app_init [ RunTime:0.003419s ]
[ 2019-04-11T14:13:05+08:00 ][ info ] [ BEHAVIOR ] Run Closure @app_init [ RunTime:0.003486s ]
[ 2019-04-11T14:13:05+08:00 ][ info ] [ DB ] INIT mysql
[ 2019-04-11T14:13:05+08:00 ][ sql ] [ DB ] CONNECT:[ UseTime:0.000481s ] mysql:host=127.0.0.1;dbname=didi_project;charset=utf8
[ 2019-04-11T14:13:05+08:00 ][ sql ] [ SQL ] SHOW TABLE STATUS LIKE 'pordernum' [ RunTime:0.000499s ]
[ 2019-04-11T14:13:05+08:00 ][ sql ] [ SQL ] SHOW TABLE STATUS LIKE 'fa_pordernum' [ RunTime:0.000398s ]
[ 2019-04-11T14:13:05+08:00 ][ sql ] [ SQL ] SELECT * FROM `information_schema`.`columns` WHERE TABLE_SCHEMA = 'didi_project' AND table_name = 'fa_pordernum' ORDER BY ORDINAL_POSITION [ RunTime:0.000832s ]
[ 2019-04-11T14:13:05+08:00 ][ info ] [ BEHAVIOR ] Run Closure @app_init [ RunTime:0.000159s ]
[ info ] [ LOG ] INIT File
[ 2019-04-11T14:13:05+08:00 ][ info ] [ CACHE ] INIT File
[ 2019-04-11T14:13:05+08:00 ][ info ] [ BEHAVIOR ] Run \addons\epay\Epay @app_init [ RunTime:0.003494s ]
[ 2019-04-11T14:13:05+08:00 ][ info ] [ BEHAVIOR ] Run Closure @app_init [ RunTime:0.003562s ]
[ 2019-04-11T14:13:05+08:00 ][ info ] [ DB ] INIT mysql
[ 2019-04-11T14:13:05+08:00 ][ info ] [ LANG ] /www/wwwroot/didi.xlove99.top/application/admin/lang/zh-cn.php
[ 2019-04-11T14:13:05+08:00 ][ sql ] [ DB ] CONNECT:[ UseTime:0.000473s ] mysql:host=127.0.0.1;dbname=didi_project;charset=utf8
[ 2019-04-11T14:13:05+08:00 ][ sql ] [ SQL ] SHOW COLUMNS FROM `fa_auth_rule` [ RunTime:0.000682s ]
[ 2019-04-11T14:13:05+08:00 ][ sql ] [ SQL ] SELECT * FROM `fa_auth_rule` WHERE  `name` = 'pordernum' LIMIT 1 [ RunTime:0.000379s ]
[ 2019-04-11T14:13:05+08:00 ][ sql ] [ SQL ] SELECT `id` FROM `fa_auth_rule` WHERE  `name` = 'pordernum/index' LIMIT 1 [ RunTime:0.000246s ]
[ 2019-04-11T14:13:05+08:00 ][ sql ] [ SQL ] SELECT `id` FROM `fa_auth_rule` WHERE  `name` = 'pordernum/add' LIMIT 1 [ RunTime:0.000205s ]
[ 2019-04-11T14:13:05+08:00 ][ sql ] [ SQL ] SELECT `id` FROM `fa_auth_rule` WHERE  `name` = 'pordernum/edit' LIMIT 1 [ RunTime:0.000193s ]
[ 2019-04-11T14:13:05+08:00 ][ sql ] [ SQL ] SELECT `id` FROM `fa_auth_rule` WHERE  `name` = 'pordernum/del' LIMIT 1 [ RunTime:0.000206s ]
[ 2019-04-11T14:13:05+08:00 ][ sql ] [ SQL ] SELECT `id` FROM `fa_auth_rule` WHERE  `name` = 'pordernum/multi' LIMIT 1 [ RunTime:0.000203s ]
[ 2019-04-11T14:13:05+08:00 ][ sql ] [ SQL ] UPDATE `fa_auth_rule`  SET `pid`=273,`name`='pordernum/index',`icon`='fa fa-circle-o',`title`='查看',`ismenu`=0,`status`='normal',`updatetime`=1554963185  WHERE  `id` = 274 [ RunTime:0.000292s ]
[ 2019-04-11T14:13:05+08:00 ][ sql ] [ SQL ] UPDATE `fa_auth_rule`  SET `pid`=273,`name`='pordernum/add',`icon`='fa fa-circle-o',`title`='添加',`ismenu`=0,`status`='normal',`updatetime`=1554963185  WHERE  `id` = 275 [ RunTime:0.000218s ]
[ 2019-04-11T14:13:05+08:00 ][ sql ] [ SQL ] UPDATE `fa_auth_rule`  SET `pid`=273,`name`='pordernum/edit',`icon`='fa fa-circle-o',`title`='编辑',`ismenu`=0,`status`='normal',`updatetime`=1554963185  WHERE  `id` = 276 [ RunTime:0.000204s ]
[ 2019-04-11T14:13:05+08:00 ][ sql ] [ SQL ] UPDATE `fa_auth_rule`  SET `pid`=273,`name`='pordernum/del',`icon`='fa fa-circle-o',`title`='删除',`ismenu`=0,`status`='normal',`updatetime`=1554963185  WHERE  `id` = 277 [ RunTime:0.000218s ]
[ 2019-04-11T14:13:05+08:00 ][ sql ] [ SQL ] UPDATE `fa_auth_rule`  SET `pid`=273,`name`='pordernum/multi',`icon`='fa fa-circle-o',`title`='批量更新',`ismenu`=0,`status`='normal',`updatetime`=1554963185  WHERE  `id` = 278 [ RunTime:0.000202s ]
