[ 2019-04-12T16:45:28+08:00 ][ info ] [ BEHAVIOR ] Run Closure @app_init [ RunTime:0.000157s ]
[ info ] [ LOG ] INIT File
[ 2019-04-12T16:45:28+08:00 ][ info ] [ CACHE ] INIT File
[ 2019-04-12T16:45:28+08:00 ][ info ] [ BEHAVIOR ] Run \addons\epay\Epay @app_init [ RunTime:0.003547s ]
[ 2019-04-12T16:45:28+08:00 ][ info ] [ BEHAVIOR ] Run Closure @app_init [ RunTime:0.003620s ]
[ 2019-04-12T16:45:28+08:00 ][ info ] [ DB ] INIT mysql
[ 2019-04-12T16:45:28+08:00 ][ sql ] [ DB ] CONNECT:[ UseTime:0.000668s ] mysql:host=127.0.0.1;dbname=didi_project;charset=utf8
[ 2019-04-12T16:45:28+08:00 ][ sql ] [ SQL ] SHOW TABLE STATUS LIKE 'sms' [ RunTime:0.000469s ]
[ 2019-04-12T16:45:28+08:00 ][ sql ] [ SQL ] SHOW TABLE STATUS LIKE 'fa_sms' [ RunTime:0.000440s ]
[ 2019-04-12T16:45:28+08:00 ][ sql ] [ SQL ] SELECT * FROM `information_schema`.`columns` WHERE TABLE_SCHEMA = 'didi_project' AND table_name = 'fa_sms' ORDER BY ORDINAL_POSITION [ RunTime:0.000794s ]
[ 2019-04-12T16:45:28+08:00 ][ info ] [ BEHAVIOR ] Run Closure @app_init [ RunTime:0.000159s ]
[ info ] [ LOG ] INIT File
[ 2019-04-12T16:45:28+08:00 ][ info ] [ CACHE ] INIT File
[ 2019-04-12T16:45:28+08:00 ][ info ] [ BEHAVIOR ] Run \addons\epay\Epay @app_init [ RunTime:0.003680s ]
[ 2019-04-12T16:45:28+08:00 ][ info ] [ BEHAVIOR ] Run Closure @app_init [ RunTime:0.003762s ]
[ 2019-04-12T16:45:28+08:00 ][ info ] [ DB ] INIT mysql
[ 2019-04-12T16:45:28+08:00 ][ info ] [ LANG ] /www/wwwroot/didi.xlove99.top/application/admin/lang/zh-cn.php
[ 2019-04-12T16:45:28+08:00 ][ sql ] [ DB ] CONNECT:[ UseTime:0.000461s ] mysql:host=127.0.0.1;dbname=didi_project;charset=utf8
[ 2019-04-12T16:45:28+08:00 ][ sql ] [ SQL ] SHOW COLUMNS FROM `fa_auth_rule` [ RunTime:0.000700s ]
[ 2019-04-12T16:45:28+08:00 ][ sql ] [ SQL ] SELECT * FROM `fa_auth_rule` WHERE  `name` = 'sms' LIMIT 1 [ RunTime:0.000400s ]
[ 2019-04-12T16:45:28+08:00 ][ sql ] [ SQL ] SELECT `id` FROM `fa_auth_rule` WHERE  `name` = 'sms/index' LIMIT 1 [ RunTime:0.000245s ]
[ 2019-04-12T16:45:28+08:00 ][ sql ] [ SQL ] SELECT `id` FROM `fa_auth_rule` WHERE  `name` = 'sms/add' LIMIT 1 [ RunTime:0.000200s ]
[ 2019-04-12T16:45:28+08:00 ][ sql ] [ SQL ] SELECT `id` FROM `fa_auth_rule` WHERE  `name` = 'sms/edit' LIMIT 1 [ RunTime:0.000203s ]
[ 2019-04-12T16:45:28+08:00 ][ sql ] [ SQL ] SELECT `id` FROM `fa_auth_rule` WHERE  `name` = 'sms/del' LIMIT 1 [ RunTime:0.000207s ]
[ 2019-04-12T16:45:28+08:00 ][ sql ] [ SQL ] SELECT `id` FROM `fa_auth_rule` WHERE  `name` = 'sms/multi' LIMIT 1 [ RunTime:0.000198s ]
[ 2019-04-12T16:45:28+08:00 ][ sql ] [ SQL ] UPDATE `fa_auth_rule`  SET `pid`=236,`name`='sms/index',`icon`='fa fa-circle-o',`title`='查看',`ismenu`=0,`status`='normal',`updatetime`=1555058728  WHERE  `id` = 237 [ RunTime:0.000361s ]
[ 2019-04-12T16:45:28+08:00 ][ sql ] [ SQL ] UPDATE `fa_auth_rule`  SET `pid`=236,`name`='sms/add',`icon`='fa fa-circle-o',`title`='添加',`ismenu`=0,`status`='normal',`updatetime`=1555058728  WHERE  `id` = 238 [ RunTime:0.000243s ]
[ 2019-04-12T16:45:28+08:00 ][ sql ] [ SQL ] UPDATE `fa_auth_rule`  SET `pid`=236,`name`='sms/edit',`icon`='fa fa-circle-o',`title`='编辑',`ismenu`=0,`status`='normal',`updatetime`=1555058728  WHERE  `id` = 239 [ RunTime:0.000223s ]
[ 2019-04-12T16:45:28+08:00 ][ sql ] [ SQL ] UPDATE `fa_auth_rule`  SET `pid`=236,`name`='sms/del',`icon`='fa fa-circle-o',`title`='删除',`ismenu`=0,`status`='normal',`updatetime`=1555058728  WHERE  `id` = 240 [ RunTime:0.000208s ]
[ 2019-04-12T16:45:28+08:00 ][ sql ] [ SQL ] UPDATE `fa_auth_rule`  SET `pid`=236,`name`='sms/multi',`icon`='fa fa-circle-o',`title`='批量更新',`ismenu`=0,`status`='normal',`updatetime`=1555058728  WHERE  `id` = 241 [ RunTime:0.000236s ]
