[ 2019-03-30T18:13:35+08:00 ][ info ] [ BEHAVIOR ] Run Closure @app_init [ RunTime:0.000168s ]
[ info ] [ LOG ] INIT File
[ 2019-03-30T18:13:35+08:00 ][ info ] [ CACHE ] INIT File
[ 2019-03-30T18:13:35+08:00 ][ info ] [ BEHAVIOR ] Run \addons\epay\Epay @app_init [ RunTime:0.003856s ]
[ 2019-03-30T18:13:35+08:00 ][ info ] [ BEHAVIOR ] Run Closure @app_init [ RunTime:0.003936s ]
[ 2019-03-30T18:13:35+08:00 ][ info ] [ DB ] INIT mysql
[ 2019-03-30T18:13:35+08:00 ][ sql ] [ DB ] CONNECT:[ UseTime:0.000467s ] mysql:host=127.0.0.1;dbname=didi_project;charset=utf8
[ 2019-03-30T18:13:35+08:00 ][ sql ] [ SQL ] SHOW TABLE STATUS LIKE 'order' [ RunTime:0.000521s ]
[ 2019-03-30T18:13:35+08:00 ][ sql ] [ SQL ] SHOW TABLE STATUS LIKE 'fa_order' [ RunTime:0.000558s ]
[ 2019-03-30T18:13:35+08:00 ][ sql ] [ SQL ] SELECT * FROM `information_schema`.`columns` WHERE TABLE_SCHEMA = 'didi_project' AND table_name = 'fa_order' ORDER BY ORDINAL_POSITION [ RunTime:0.000857s ]
[ 2019-03-30T18:13:35+08:00 ][ info ] [ BEHAVIOR ] Run Closure @app_init [ RunTime:0.000156s ]
[ info ] [ LOG ] INIT File
[ 2019-03-30T18:13:35+08:00 ][ info ] [ CACHE ] INIT File
[ 2019-03-30T18:13:35+08:00 ][ info ] [ BEHAVIOR ] Run \addons\epay\Epay @app_init [ RunTime:0.003626s ]
[ 2019-03-30T18:13:35+08:00 ][ info ] [ BEHAVIOR ] Run Closure @app_init [ RunTime:0.003708s ]
[ 2019-03-30T18:13:35+08:00 ][ info ] [ DB ] INIT mysql
[ 2019-03-30T18:13:35+08:00 ][ info ] [ LANG ] /www/wwwroot/didi.xlove99.top/application/admin/lang/zh-cn.php
[ 2019-03-30T18:13:35+08:00 ][ sql ] [ DB ] CONNECT:[ UseTime:0.000518s ] mysql:host=127.0.0.1;dbname=didi_project;charset=utf8
[ 2019-03-30T18:13:35+08:00 ][ sql ] [ SQL ] SHOW COLUMNS FROM `fa_auth_rule` [ RunTime:0.000736s ]
[ 2019-03-30T18:13:35+08:00 ][ sql ] [ SQL ] SELECT * FROM `fa_auth_rule` WHERE  `name` = 'order' LIMIT 1 [ RunTime:0.000370s ]
[ 2019-03-30T18:13:35+08:00 ][ sql ] [ SQL ] INSERT INTO `fa_auth_rule` (`pid` , `name` , `title` , `icon` , `remark` , `ismenu` , `status` , `createtime` , `updatetime`) VALUES (0 , 'order' , 'Order' , 'fa fa-circle-o' , '' , 1 , 'normal' , 1553940815 , 1553940815) [ RunTime:0.006725s ]
[ 2019-03-30T18:13:35+08:00 ][ sql ] [ SQL ] SELECT `id` FROM `fa_auth_rule` WHERE  `name` = 'order/index' LIMIT 1 [ RunTime:0.000294s ]
[ 2019-03-30T18:13:35+08:00 ][ sql ] [ SQL ] SELECT `id` FROM `fa_auth_rule` WHERE  `name` = 'order/add' LIMIT 1 [ RunTime:0.000264s ]
[ 2019-03-30T18:13:35+08:00 ][ sql ] [ SQL ] SELECT `id` FROM `fa_auth_rule` WHERE  `name` = 'order/edit' LIMIT 1 [ RunTime:0.000243s ]
[ 2019-03-30T18:13:35+08:00 ][ sql ] [ SQL ] SELECT `id` FROM `fa_auth_rule` WHERE  `name` = 'order/del' LIMIT 1 [ RunTime:0.000236s ]
[ 2019-03-30T18:13:35+08:00 ][ sql ] [ SQL ] SELECT `id` FROM `fa_auth_rule` WHERE  `name` = 'order/multi' LIMIT 1 [ RunTime:0.000206s ]
[ 2019-03-30T18:13:35+08:00 ][ sql ] [ SQL ] INSERT INTO `fa_auth_rule` (`id` , `pid` , `name` , `icon` , `title` , `ismenu` , `status` , `createtime` , `updatetime`) VALUES (NULL , 279 , 'order/index' , 'fa fa-circle-o' , '查看' , 0 , 'normal' , 1553940815 , 1553940815) [ RunTime:0.000270s ]
[ 2019-03-30T18:13:35+08:00 ][ sql ] [ SQL ] INSERT INTO `fa_auth_rule` (`id` , `pid` , `name` , `icon` , `title` , `ismenu` , `status` , `createtime` , `updatetime`) VALUES (NULL , 279 , 'order/add' , 'fa fa-circle-o' , '添加' , 0 , 'normal' , 1553940815 , 1553940815) [ RunTime:0.000224s ]
[ 2019-03-30T18:13:35+08:00 ][ sql ] [ SQL ] INSERT INTO `fa_auth_rule` (`id` , `pid` , `name` , `icon` , `title` , `ismenu` , `status` , `createtime` , `updatetime`) VALUES (NULL , 279 , 'order/edit' , 'fa fa-circle-o' , '编辑' , 0 , 'normal' , 1553940815 , 1553940815) [ RunTime:0.000201s ]
[ 2019-03-30T18:13:35+08:00 ][ sql ] [ SQL ] INSERT INTO `fa_auth_rule` (`id` , `pid` , `name` , `icon` , `title` , `ismenu` , `status` , `createtime` , `updatetime`) VALUES (NULL , 279 , 'order/del' , 'fa fa-circle-o' , '删除' , 0 , 'normal' , 1553940815 , 1553940815) [ RunTime:0.000218s ]
[ 2019-03-30T18:13:35+08:00 ][ sql ] [ SQL ] INSERT INTO `fa_auth_rule` (`id` , `pid` , `name` , `icon` , `title` , `ismenu` , `status` , `createtime` , `updatetime`) VALUES (NULL , 279 , 'order/multi' , 'fa fa-circle-o' , '批量更新' , 0 , 'normal' , 1553940815 , 1553940815) [ RunTime:0.000214s ]
[ 2019-03-30T18:19:16+08:00 ][ info ] [ BEHAVIOR ] Run Closure @app_init [ RunTime:0.000159s ]
[ info ] [ LOG ] INIT File
[ 2019-03-30T18:19:16+08:00 ][ info ] [ CACHE ] INIT File
[ 2019-03-30T18:19:16+08:00 ][ info ] [ BEHAVIOR ] Run \addons\epay\Epay @app_init [ RunTime:0.003437s ]
[ 2019-03-30T18:19:16+08:00 ][ info ] [ BEHAVIOR ] Run Closure @app_init [ RunTime:0.003519s ]
[ 2019-03-30T18:19:16+08:00 ][ info ] [ DB ] INIT mysql
[ 2019-03-30T18:19:16+08:00 ][ sql ] [ DB ] CONNECT:[ UseTime:0.000449s ] mysql:host=127.0.0.1;dbname=didi_project;charset=utf8
[ 2019-03-30T18:19:16+08:00 ][ sql ] [ SQL ] SHOW TABLE STATUS LIKE 'order' [ RunTime:0.000448s ]
[ 2019-03-30T18:19:16+08:00 ][ sql ] [ SQL ] SHOW TABLE STATUS LIKE 'fa_order' [ RunTime:0.000383s ]
[ 2019-03-30T18:19:16+08:00 ][ sql ] [ SQL ] SELECT * FROM `information_schema`.`columns` WHERE TABLE_SCHEMA = 'didi_project' AND table_name = 'fa_order' ORDER BY ORDINAL_POSITION [ RunTime:0.000848s ]
[ 2019-03-30T18:19:16+08:00 ][ info ] [ BEHAVIOR ] Run Closure @app_init [ RunTime:0.000148s ]
[ info ] [ LOG ] INIT File
[ 2019-03-30T18:19:16+08:00 ][ info ] [ CACHE ] INIT File
[ 2019-03-30T18:19:16+08:00 ][ info ] [ BEHAVIOR ] Run \addons\epay\Epay @app_init [ RunTime:0.003404s ]
[ 2019-03-30T18:19:16+08:00 ][ info ] [ BEHAVIOR ] Run Closure @app_init [ RunTime:0.003486s ]
[ 2019-03-30T18:19:16+08:00 ][ info ] [ DB ] INIT mysql
[ 2019-03-30T18:19:16+08:00 ][ info ] [ LANG ] /www/wwwroot/didi.xlove99.top/application/admin/lang/zh-cn.php
[ 2019-03-30T18:19:16+08:00 ][ sql ] [ DB ] CONNECT:[ UseTime:0.000551s ] mysql:host=127.0.0.1;dbname=didi_project;charset=utf8
[ 2019-03-30T18:19:16+08:00 ][ sql ] [ SQL ] SHOW COLUMNS FROM `fa_auth_rule` [ RunTime:0.000711s ]
[ 2019-03-30T18:19:16+08:00 ][ sql ] [ SQL ] SELECT * FROM `fa_auth_rule` WHERE  `name` = 'order' LIMIT 1 [ RunTime:0.000368s ]
[ 2019-03-30T18:19:16+08:00 ][ sql ] [ SQL ] SELECT `id` FROM `fa_auth_rule` WHERE  `name` = 'order/index' LIMIT 1 [ RunTime:0.000227s ]
[ 2019-03-30T18:19:16+08:00 ][ sql ] [ SQL ] SELECT `id` FROM `fa_auth_rule` WHERE  `name` = 'order/add' LIMIT 1 [ RunTime:0.000210s ]
[ 2019-03-30T18:19:16+08:00 ][ sql ] [ SQL ] SELECT `id` FROM `fa_auth_rule` WHERE  `name` = 'order/edit' LIMIT 1 [ RunTime:0.000216s ]
[ 2019-03-30T18:19:16+08:00 ][ sql ] [ SQL ] SELECT `id` FROM `fa_auth_rule` WHERE  `name` = 'order/del' LIMIT 1 [ RunTime:0.000198s ]
[ 2019-03-30T18:19:16+08:00 ][ sql ] [ SQL ] SELECT `id` FROM `fa_auth_rule` WHERE  `name` = 'order/multi' LIMIT 1 [ RunTime:0.000204s ]
[ 2019-03-30T18:19:16+08:00 ][ sql ] [ SQL ] UPDATE `fa_auth_rule`  SET `pid`=279,`name`='order/index',`icon`='fa fa-circle-o',`title`='查看',`ismenu`=0,`status`='normal',`updatetime`=1553941156  WHERE  `id` = 280 [ RunTime:0.000292s ]
[ 2019-03-30T18:19:16+08:00 ][ sql ] [ SQL ] UPDATE `fa_auth_rule`  SET `pid`=279,`name`='order/add',`icon`='fa fa-circle-o',`title`='添加',`ismenu`=0,`status`='normal',`updatetime`=1553941156  WHERE  `id` = 281 [ RunTime:0.000235s ]
[ 2019-03-30T18:19:16+08:00 ][ sql ] [ SQL ] UPDATE `fa_auth_rule`  SET `pid`=279,`name`='order/edit',`icon`='fa fa-circle-o',`title`='编辑',`ismenu`=0,`status`='normal',`updatetime`=1553941156  WHERE  `id` = 282 [ RunTime:0.000211s ]
[ 2019-03-30T18:19:16+08:00 ][ sql ] [ SQL ] UPDATE `fa_auth_rule`  SET `pid`=279,`name`='order/del',`icon`='fa fa-circle-o',`title`='删除',`ismenu`=0,`status`='normal',`updatetime`=1553941156  WHERE  `id` = 283 [ RunTime:0.000217s ]
[ 2019-03-30T18:19:16+08:00 ][ sql ] [ SQL ] UPDATE `fa_auth_rule`  SET `pid`=279,`name`='order/multi',`icon`='fa fa-circle-o',`title`='批量更新',`ismenu`=0,`status`='normal',`updatetime`=1553941156  WHERE  `id` = 284 [ RunTime:0.000220s ]
[ 2019-03-30T18:23:37+08:00 ][ info ] [ BEHAVIOR ] Run Closure @app_init [ RunTime:0.000179s ]
[ info ] [ LOG ] INIT File
[ 2019-03-30T18:23:37+08:00 ][ info ] [ CACHE ] INIT File
[ 2019-03-30T18:23:37+08:00 ][ info ] [ BEHAVIOR ] Run \addons\epay\Epay @app_init [ RunTime:0.003891s ]
[ 2019-03-30T18:23:37+08:00 ][ info ] [ BEHAVIOR ] Run Closure @app_init [ RunTime:0.003984s ]
[ 2019-03-30T18:23:37+08:00 ][ info ] [ DB ] INIT mysql
[ 2019-03-30T18:23:37+08:00 ][ sql ] [ DB ] CONNECT:[ UseTime:0.000468s ] mysql:host=127.0.0.1;dbname=didi_project;charset=utf8
[ 2019-03-30T18:23:37+08:00 ][ sql ] [ SQL ] SHOW TABLE STATUS LIKE 'order' [ RunTime:0.000469s ]
[ 2019-03-30T18:23:37+08:00 ][ sql ] [ SQL ] SHOW TABLE STATUS LIKE 'fa_order' [ RunTime:0.000439s ]
[ 2019-03-30T18:23:37+08:00 ][ sql ] [ SQL ] SELECT * FROM `information_schema`.`columns` WHERE TABLE_SCHEMA = 'didi_project' AND table_name = 'fa_order' ORDER BY ORDINAL_POSITION [ RunTime:0.000848s ]
[ 2019-03-30T18:23:37+08:00 ][ info ] [ BEHAVIOR ] Run Closure @app_init [ RunTime:0.000146s ]
[ info ] [ LOG ] INIT File
[ 2019-03-30T18:23:37+08:00 ][ info ] [ CACHE ] INIT File
[ 2019-03-30T18:23:37+08:00 ][ info ] [ BEHAVIOR ] Run \addons\epay\Epay @app_init [ RunTime:0.003545s ]
[ 2019-03-30T18:23:37+08:00 ][ info ] [ BEHAVIOR ] Run Closure @app_init [ RunTime:0.003615s ]
[ 2019-03-30T18:23:37+08:00 ][ info ] [ DB ] INIT mysql
[ 2019-03-30T18:23:37+08:00 ][ info ] [ LANG ] /www/wwwroot/didi.xlove99.top/application/admin/lang/zh-cn.php
[ 2019-03-30T18:23:37+08:00 ][ sql ] [ DB ] CONNECT:[ UseTime:0.000641s ] mysql:host=127.0.0.1;dbname=didi_project;charset=utf8
[ 2019-03-30T18:23:37+08:00 ][ sql ] [ SQL ] SHOW COLUMNS FROM `fa_auth_rule` [ RunTime:0.000717s ]
[ 2019-03-30T18:23:37+08:00 ][ sql ] [ SQL ] SELECT * FROM `fa_auth_rule` WHERE  `name` = 'order' LIMIT 1 [ RunTime:0.000377s ]
[ 2019-03-30T18:23:37+08:00 ][ sql ] [ SQL ] SELECT `id` FROM `fa_auth_rule` WHERE  `name` = 'order/index' LIMIT 1 [ RunTime:0.000232s ]
[ 2019-03-30T18:23:37+08:00 ][ sql ] [ SQL ] SELECT `id` FROM `fa_auth_rule` WHERE  `name` = 'order/add' LIMIT 1 [ RunTime:0.000212s ]
[ 2019-03-30T18:23:37+08:00 ][ sql ] [ SQL ] SELECT `id` FROM `fa_auth_rule` WHERE  `name` = 'order/edit' LIMIT 1 [ RunTime:0.000219s ]
[ 2019-03-30T18:23:37+08:00 ][ sql ] [ SQL ] SELECT `id` FROM `fa_auth_rule` WHERE  `name` = 'order/del' LIMIT 1 [ RunTime:0.000196s ]
[ 2019-03-30T18:23:37+08:00 ][ sql ] [ SQL ] SELECT `id` FROM `fa_auth_rule` WHERE  `name` = 'order/multi' LIMIT 1 [ RunTime:0.000201s ]
[ 2019-03-30T18:23:37+08:00 ][ sql ] [ SQL ] UPDATE `fa_auth_rule`  SET `pid`=279,`name`='order/index',`icon`='fa fa-circle-o',`title`='查看',`ismenu`=0,`status`='normal',`updatetime`=1553941417  WHERE  `id` = 280 [ RunTime:0.000294s ]
[ 2019-03-30T18:23:37+08:00 ][ sql ] [ SQL ] UPDATE `fa_auth_rule`  SET `pid`=279,`name`='order/add',`icon`='fa fa-circle-o',`title`='添加',`ismenu`=0,`status`='normal',`updatetime`=1553941417  WHERE  `id` = 281 [ RunTime:0.000225s ]
[ 2019-03-30T18:23:37+08:00 ][ sql ] [ SQL ] UPDATE `fa_auth_rule`  SET `pid`=279,`name`='order/edit',`icon`='fa fa-circle-o',`title`='编辑',`ismenu`=0,`status`='normal',`updatetime`=1553941417  WHERE  `id` = 282 [ RunTime:0.000212s ]
[ 2019-03-30T18:23:37+08:00 ][ sql ] [ SQL ] UPDATE `fa_auth_rule`  SET `pid`=279,`name`='order/del',`icon`='fa fa-circle-o',`title`='删除',`ismenu`=0,`status`='normal',`updatetime`=1553941417  WHERE  `id` = 283 [ RunTime:0.000220s ]
[ 2019-03-30T18:23:37+08:00 ][ sql ] [ SQL ] UPDATE `fa_auth_rule`  SET `pid`=279,`name`='order/multi',`icon`='fa fa-circle-o',`title`='批量更新',`ismenu`=0,`status`='normal',`updatetime`=1553941417  WHERE  `id` = 284 [ RunTime:0.000247s ]
